2015-11-04 14:07:00,245 - phyluce_align_format_nexus_files_for_raxml - INFO - ====== Starting phyluce_align_format_nexus_files_for_raxml ======
2015-11-04 14:07:00,246 - phyluce_align_format_nexus_files_for_raxml - INFO - Version: 1.5.0
2015-11-04 14:07:00,246 - phyluce_align_format_nexus_files_for_raxml - INFO - Argument --alignments: /home/jimmyzheng/JZ_UCE_RUNS/taxon-sets/extended/mafft-nexus-internal-trimmed-gblocks-clean-75p
2015-11-04 14:07:00,246 - phyluce_align_format_nexus_files_for_raxml - INFO - Argument --charsets: True
2015-11-04 14:07:00,246 - phyluce_align_format_nexus_files_for_raxml - INFO - Argument --log_path: /home/jimmyzheng/JZ_UCE_RUNS/taxon-sets/extended/log
2015-11-04 14:07:00,246 - phyluce_align_format_nexus_files_for_raxml - INFO - Argument --nexus: False
2015-11-04 14:07:00,246 - phyluce_align_format_nexus_files_for_raxml - INFO - Argument --output: /home/jimmyzheng/JZ_UCE_RUNS/taxon-sets/extended/mafft-nexus-internal-trimmed-gblocks-clean-75p-raxml
2015-11-04 14:07:00,246 - phyluce_align_format_nexus_files_for_raxml - INFO - Argument --verbosity: INFO
2015-11-04 14:07:00,247 - phyluce_align_format_nexus_files_for_raxml - INFO - Reading input alignments in NEXUS format
2015-11-04 14:07:11,411 - phyluce_align_format_nexus_files_for_raxml - INFO - Concatenating files
2015-11-04 14:07:17,225 - phyluce_align_format_nexus_files_for_raxml - INFO - Writing charsets to /home/jimmyzheng/JZ_UCE_RUNS/taxon-sets/extended/mafft-nexus-internal-trimmed-gblocks-clean-75p-raxml/mafft-nexus-internal-trimmed-gblocks-clean-75p.charsets
2015-11-04 14:07:17,226 - phyluce_align_format_nexus_files_for_raxml - INFO - Writing concatenated PHYLIP alignment to /home/jimmyzheng/JZ_UCE_RUNS/taxon-sets/extended/mafft-nexus-internal-trimmed-gblocks-clean-75p-raxml/mafft-nexus-internal-trimmed-gblocks-clean-75p.phylip
2015-11-04 14:07:17,261 - phyluce_align_format_nexus_files_for_raxml - INFO - ====== Completed phyluce_align_format_nexus_files_for_raxml =====
2015-11-05 16:53:52,300 - phyluce_align_format_nexus_files_for_raxml - INFO - ====== Starting phyluce_align_format_nexus_files_for_raxml ======
2015-11-05 16:53:52,300 - phyluce_align_format_nexus_files_for_raxml - INFO - Version: 1.5.0
2015-11-05 16:53:52,301 - phyluce_align_format_nexus_files_for_raxml - INFO - Argument --alignments: /home/jimmyzheng/JZ_UCE_RUNS/taxon-sets/extended/mafft-nexus-internal-trimmed-gblocks-clean-75p
2015-11-05 16:53:52,301 - phyluce_align_format_nexus_files_for_raxml - INFO - Argument --charsets: True
2015-11-05 16:53:52,301 - phyluce_align_format_nexus_files_for_raxml - INFO - Argument --log_path: /home/jimmyzheng/JZ_UCE_RUNS/taxon-sets/extended/log
2015-11-05 16:53:52,301 - phyluce_align_format_nexus_files_for_raxml - INFO - Argument --nexus: False
2015-11-05 16:53:52,301 - phyluce_align_format_nexus_files_for_raxml - INFO - Argument --output: /home/jimmyzheng/JZ_UCE_RUNS/taxon-sets/extended/mafft-nexus-internal-trimmed-gblocks-clean-75p-raxml
2015-11-05 16:53:52,301 - phyluce_align_format_nexus_files_for_raxml - INFO - Argument --verbosity: INFO
2015-11-05 16:53:52,302 - phyluce_align_format_nexus_files_for_raxml - INFO - Reading input alignments in NEXUS format
2015-11-05 16:54:00,438 - phyluce_align_format_nexus_files_for_raxml - INFO - Concatenating files
2015-11-05 16:54:06,212 - phyluce_align_format_nexus_files_for_raxml - INFO - Writing charsets to /home/jimmyzheng/JZ_UCE_RUNS/taxon-sets/extended/mafft-nexus-internal-trimmed-gblocks-clean-75p-raxml/mafft-nexus-internal-trimmed-gblocks-clean-75p.charsets
2015-11-05 16:54:06,213 - phyluce_align_format_nexus_files_for_raxml - INFO - Writing concatenated PHYLIP alignment to /home/jimmyzheng/JZ_UCE_RUNS/taxon-sets/extended/mafft-nexus-internal-trimmed-gblocks-clean-75p-raxml/mafft-nexus-internal-trimmed-gblocks-clean-75p.phylip
2015-11-05 16:54:06,235 - phyluce_align_format_nexus_files_for_raxml - INFO - ====== Completed phyluce_align_format_nexus_files_for_raxml =====
2015-11-06 09:21:31,786 - phyluce_align_format_nexus_files_for_raxml - INFO - ====== Starting phyluce_align_format_nexus_files_for_raxml ======
2015-11-06 09:21:31,786 - phyluce_align_format_nexus_files_for_raxml - INFO - Version: 1.5.0
2015-11-06 09:21:31,786 - phyluce_align_format_nexus_files_for_raxml - INFO - Argument --alignments: /home/jimmyzheng/JZ_UCE_RUNS/taxon-sets/extended/mafft-nexus-internal-trimmed-gblocks-clean-75p
2015-11-06 09:21:31,786 - phyluce_align_format_nexus_files_for_raxml - INFO - Argument --charsets: True
2015-11-06 09:21:31,786 - phyluce_align_format_nexus_files_for_raxml - INFO - Argument --log_path: /home/jimmyzheng/JZ_UCE_RUNS/taxon-sets/extended/log
2015-11-06 09:21:31,786 - phyluce_align_format_nexus_files_for_raxml - INFO - Argument --nexus: False
2015-11-06 09:21:31,786 - phyluce_align_format_nexus_files_for_raxml - INFO - Argument --output: /home/jimmyzheng/JZ_UCE_RUNS/taxon-sets/extended/mafft-nexus-internal-trimmed-gblocks-clean-75p-raxml
2015-11-06 09:21:31,786 - phyluce_align_format_nexus_files_for_raxml - INFO - Argument --verbosity: INFO
2015-11-06 09:21:31,787 - phyluce_align_format_nexus_files_for_raxml - INFO - Reading input alignments in NEXUS format
2015-11-06 09:21:40,294 - phyluce_align_format_nexus_files_for_raxml - INFO - Concatenating files
2015-11-06 09:21:45,141 - phyluce_align_format_nexus_files_for_raxml - INFO - Writing charsets to /home/jimmyzheng/JZ_UCE_RUNS/taxon-sets/extended/mafft-nexus-internal-trimmed-gblocks-clean-75p-raxml/mafft-nexus-internal-trimmed-gblocks-clean-75p.charsets
2015-11-06 09:21:45,141 - phyluce_align_format_nexus_files_for_raxml - INFO - Writing concatenated PHYLIP alignment to /home/jimmyzheng/JZ_UCE_RUNS/taxon-sets/extended/mafft-nexus-internal-trimmed-gblocks-clean-75p-raxml/mafft-nexus-internal-trimmed-gblocks-clean-75p.phylip
2015-11-06 09:21:45,162 - phyluce_align_format_nexus_files_for_raxml - INFO - ====== Completed phyluce_align_format_nexus_files_for_raxml =====
