2015-11-04 12:01:36,420 - phyluce_assembly_get_fastas_from_match_counts - INFO - ===== Starting phyluce_assembly_get_fastas_from_match_counts ====
2015-11-04 12:01:36,421 - phyluce_assembly_get_fastas_from_match_counts - INFO - Version: 1.5.0
2015-11-04 12:01:36,422 - phyluce_assembly_get_fastas_from_match_counts - INFO - Argument --contigs: /home/jimmyzheng/JZ_UCE_RUNS/second_try/contigs
2015-11-04 12:01:36,422 - phyluce_assembly_get_fastas_from_match_counts - INFO - Argument --extend_locus_contigs: /home/jimmyzheng/JZ_UCE_RUNS/uce-1k-probe-set-extended-outgroups/outgroup-fasta
2015-11-04 12:01:36,422 - phyluce_assembly_get_fastas_from_match_counts - INFO - Argument --extend_locus_db: /home/jimmyzheng/JZ_UCE_RUNS/uce-1k-probe-set-extended-outgroups/uce-search-results/probe.matches.sqlite
2015-11-04 12:01:36,422 - phyluce_assembly_get_fastas_from_match_counts - INFO - Argument --incomplete_matrix: /home/jimmyzheng/JZ_UCE_RUNS/taxon-sets/extended/all-taxa-incomplete.incomplete
2015-11-04 12:01:36,423 - phyluce_assembly_get_fastas_from_match_counts - INFO - Argument --locus_db: /home/jimmyzheng/JZ_UCE_RUNS/uce-search-results/probe.matches.sqlite
2015-11-04 12:01:36,423 - phyluce_assembly_get_fastas_from_match_counts - INFO - Argument --log_path: /home/jimmyzheng/JZ_UCE_RUNS/taxon-sets/extended/log
2015-11-04 12:01:36,423 - phyluce_assembly_get_fastas_from_match_counts - INFO - Argument --match_count_output: /home/jimmyzheng/JZ_UCE_RUNS/taxon-sets/extended/all-taxa-incomplete.conf
2015-11-04 12:01:36,423 - phyluce_assembly_get_fastas_from_match_counts - INFO - Argument --output: /home/jimmyzheng/JZ_UCE_RUNS/taxon-sets/extended/all-taxa-incomplete.fasta
2015-11-04 12:01:36,424 - phyluce_assembly_get_fastas_from_match_counts - INFO - Argument --verbosity: INFO
2015-11-04 12:01:36,458 - phyluce_assembly_get_fastas_from_match_counts - INFO - Attaching extended database probe.matches.sqlite
2015-11-04 12:01:36,461 - phyluce_assembly_get_fastas_from_match_counts - INFO - There are 37 taxa in the match-count-config file named all-taxa-incomplete.conf
2015-11-04 12:01:36,468 - phyluce_assembly_get_fastas_from_match_counts - INFO - There are 1106 UCE loci in an INCOMPLETE matrix
2015-11-04 12:01:36,473 - phyluce_assembly_get_fastas_from_match_counts - INFO - -----------------Getting UCE loci for P_nyererei*----------------
2015-11-04 12:16:27,407 - phyluce_assembly_get_fastas_from_match_counts - INFO - ===== Starting phyluce_assembly_get_fastas_from_match_counts ====
2015-11-04 12:16:27,408 - phyluce_assembly_get_fastas_from_match_counts - INFO - Version: 1.5.0
2015-11-04 12:16:27,408 - phyluce_assembly_get_fastas_from_match_counts - INFO - Argument --contigs: /home/jimmyzheng/JZ_UCE_RUNS/second_try/contigs
2015-11-04 12:16:27,408 - phyluce_assembly_get_fastas_from_match_counts - INFO - Argument --extend_locus_contigs: /home/jimmyzheng/JZ_UCE_RUNS/uce-1k-probe-set-extended-outgroups/outgroup-fasta
2015-11-04 12:16:27,409 - phyluce_assembly_get_fastas_from_match_counts - INFO - Argument --extend_locus_db: /home/jimmyzheng/JZ_UCE_RUNS/uce-1k-probe-set-extended-outgroups/uce-search-results/probe.matches.sqlite
2015-11-04 12:16:27,409 - phyluce_assembly_get_fastas_from_match_counts - INFO - Argument --incomplete_matrix: /home/jimmyzheng/JZ_UCE_RUNS/taxon-sets/extended/all-taxa-incomplete.incomplete
2015-11-04 12:16:27,409 - phyluce_assembly_get_fastas_from_match_counts - INFO - Argument --locus_db: /home/jimmyzheng/JZ_UCE_RUNS/uce-search-results/probe.matches.sqlite
2015-11-04 12:16:27,409 - phyluce_assembly_get_fastas_from_match_counts - INFO - Argument --log_path: /home/jimmyzheng/JZ_UCE_RUNS/taxon-sets/extended/log
2015-11-04 12:16:27,410 - phyluce_assembly_get_fastas_from_match_counts - INFO - Argument --match_count_output: /home/jimmyzheng/JZ_UCE_RUNS/taxon-sets/extended/all-taxa-incomplete.conf
2015-11-04 12:16:27,410 - phyluce_assembly_get_fastas_from_match_counts - INFO - Argument --output: /home/jimmyzheng/JZ_UCE_RUNS/taxon-sets/extended/all-taxa-incomplete.fasta
2015-11-04 12:16:27,410 - phyluce_assembly_get_fastas_from_match_counts - INFO - Argument --verbosity: INFO
2015-11-04 12:16:27,440 - phyluce_assembly_get_fastas_from_match_counts - INFO - Attaching extended database probe.matches.sqlite
2015-11-04 12:16:27,443 - phyluce_assembly_get_fastas_from_match_counts - INFO - There are 37 taxa in the match-count-config file named all-taxa-incomplete.conf
2015-11-04 12:16:27,452 - phyluce_assembly_get_fastas_from_match_counts - INFO - There are 1106 UCE loci in an INCOMPLETE matrix
2015-11-04 12:16:27,455 - phyluce_assembly_get_fastas_from_match_counts - INFO - -----------------Getting UCE loci for P_nyererei*----------------
2015-11-04 12:22:21,257 - phyluce_assembly_get_fastas_from_match_counts - INFO - ===== Starting phyluce_assembly_get_fastas_from_match_counts ====
2015-11-04 12:22:21,258 - phyluce_assembly_get_fastas_from_match_counts - INFO - Version: 1.5.0
2015-11-04 12:22:21,258 - phyluce_assembly_get_fastas_from_match_counts - INFO - Argument --contigs: /home/jimmyzheng/JZ_UCE_RUNS/second_try/contigs
2015-11-04 12:22:21,258 - phyluce_assembly_get_fastas_from_match_counts - INFO - Argument --extend_locus_contigs: /home/jimmyzheng/JZ_UCE_RUNS/uce-1k-probe-set-extended-outgroups/outgroup-fasta
2015-11-04 12:22:21,258 - phyluce_assembly_get_fastas_from_match_counts - INFO - Argument --extend_locus_db: /home/jimmyzheng/JZ_UCE_RUNS/uce-1k-probe-set-extended-outgroups/uce-search-results/probe.matches.sqlite
2015-11-04 12:22:21,258 - phyluce_assembly_get_fastas_from_match_counts - INFO - Argument --incomplete_matrix: /home/jimmyzheng/JZ_UCE_RUNS/taxon-sets/extended/all-taxa-incomplete.incomplete
2015-11-04 12:22:21,259 - phyluce_assembly_get_fastas_from_match_counts - INFO - Argument --locus_db: /home/jimmyzheng/JZ_UCE_RUNS/uce-search-results/probe.matches.sqlite
2015-11-04 12:22:21,259 - phyluce_assembly_get_fastas_from_match_counts - INFO - Argument --log_path: /home/jimmyzheng/JZ_UCE_RUNS/taxon-sets/extended/log
2015-11-04 12:22:21,259 - phyluce_assembly_get_fastas_from_match_counts - INFO - Argument --match_count_output: /home/jimmyzheng/JZ_UCE_RUNS/taxon-sets/extended/all-taxa-incomplete.conf
2015-11-04 12:22:21,259 - phyluce_assembly_get_fastas_from_match_counts - INFO - Argument --output: /home/jimmyzheng/JZ_UCE_RUNS/taxon-sets/extended/all-taxa-incomplete.fasta
2015-11-04 12:22:21,259 - phyluce_assembly_get_fastas_from_match_counts - INFO - Argument --verbosity: INFO
2015-11-04 12:22:21,280 - phyluce_assembly_get_fastas_from_match_counts - INFO - Attaching extended database probe.matches.sqlite
2015-11-04 12:22:21,281 - phyluce_assembly_get_fastas_from_match_counts - INFO - There are 37 taxa in the match-count-config file named all-taxa-incomplete.conf
2015-11-04 12:22:21,287 - phyluce_assembly_get_fastas_from_match_counts - INFO - There are 1106 UCE loci in an INCOMPLETE matrix
2015-11-04 12:22:21,290 - phyluce_assembly_get_fastas_from_match_counts - INFO - -----------------Getting UCE loci for P_nyererei*----------------
2015-11-04 12:22:22,888 - phyluce_assembly_get_fastas_from_match_counts - INFO - There are 918 UCE loci for P_nyererei*
2015-11-04 12:22:22,889 - phyluce_assembly_get_fastas_from_match_counts - INFO - Parsing and renaming contigs for P_nyererei*
2015-11-04 12:22:25,934 - phyluce_assembly_get_fastas_from_match_counts - INFO - Replaced <20 ambiguous bases (N) in 129 contigs for P_nyererei*
2015-11-04 12:22:25,934 - phyluce_assembly_get_fastas_from_match_counts - INFO - Writing missing locus information to /home/jimmyzheng/JZ_UCE_RUNS/taxon-sets/extended/all-taxa-incomplete.incomplete
2015-11-04 12:22:25,935 - phyluce_assembly_get_fastas_from_match_counts - INFO - --------Getting UCE loci for aristochromis_christiae_ID25--------
2015-11-04 12:22:27,593 - phyluce_assembly_get_fastas_from_match_counts - INFO - There are 924 UCE loci for aristochromis_christiae_ID25
2015-11-04 12:22:27,593 - phyluce_assembly_get_fastas_from_match_counts - INFO - Parsing and renaming contigs for aristochromis_christiae_ID25
2015-11-04 12:23:20,044 - phyluce_assembly_get_fastas_from_match_counts - INFO - Writing missing locus information to /home/jimmyzheng/JZ_UCE_RUNS/taxon-sets/extended/all-taxa-incomplete.incomplete
2015-11-04 12:23:20,045 - phyluce_assembly_get_fastas_from_match_counts - INFO - ---------Getting UCE loci for astatotilapia_burtoni_ID32---------
2015-11-04 12:23:21,408 - phyluce_assembly_get_fastas_from_match_counts - INFO - There are 906 UCE loci for astatotilapia_burtoni_ID32
2015-11-04 12:23:21,409 - phyluce_assembly_get_fastas_from_match_counts - INFO - Parsing and renaming contigs for astatotilapia_burtoni_ID32
2015-11-04 12:23:56,390 - phyluce_assembly_get_fastas_from_match_counts - INFO - Writing missing locus information to /home/jimmyzheng/JZ_UCE_RUNS/taxon-sets/extended/all-taxa-incomplete.incomplete
2015-11-04 12:23:56,391 - phyluce_assembly_get_fastas_from_match_counts - INFO - --------Getting UCE loci for aulonocara_stuartgranti_ID26--------
2015-11-04 12:23:57,790 - phyluce_assembly_get_fastas_from_match_counts - INFO - There are 905 UCE loci for aulonocara_stuartgranti_ID26
2015-11-04 12:23:57,791 - phyluce_assembly_get_fastas_from_match_counts - INFO - Parsing and renaming contigs for aulonocara_stuartgranti_ID26
2015-11-04 12:24:30,970 - phyluce_assembly_get_fastas_from_match_counts - INFO - Writing missing locus information to /home/jimmyzheng/JZ_UCE_RUNS/taxon-sets/extended/all-taxa-incomplete.incomplete
2015-11-04 12:24:30,972 - phyluce_assembly_get_fastas_from_match_counts - INFO - -------Getting UCE loci for capidochromis_eucinostomus_ID12------
2015-11-04 12:24:32,353 - phyluce_assembly_get_fastas_from_match_counts - INFO - There are 899 UCE loci for capidochromis_eucinostomus_ID12
2015-11-04 12:24:32,354 - phyluce_assembly_get_fastas_from_match_counts - INFO - Parsing and renaming contigs for capidochromis_eucinostomus_ID12
2015-11-04 12:25:28,265 - phyluce_assembly_get_fastas_from_match_counts - INFO - Writing missing locus information to /home/jimmyzheng/JZ_UCE_RUNS/taxon-sets/extended/all-taxa-incomplete.incomplete
2015-11-04 12:25:28,266 - phyluce_assembly_get_fastas_from_match_counts - INFO - --------Getting UCE loci for chalinochromis_brichardi_ID57-------
2015-11-04 12:25:29,842 - phyluce_assembly_get_fastas_from_match_counts - INFO - There are 838 UCE loci for chalinochromis_brichardi_ID57
2015-11-04 12:25:29,843 - phyluce_assembly_get_fastas_from_match_counts - INFO - Parsing and renaming contigs for chalinochromis_brichardi_ID57
2015-11-04 12:26:17,571 - phyluce_assembly_get_fastas_from_match_counts - INFO - Writing missing locus information to /home/jimmyzheng/JZ_UCE_RUNS/taxon-sets/extended/all-taxa-incomplete.incomplete
2015-11-04 12:26:17,572 - phyluce_assembly_get_fastas_from_match_counts - INFO - ---------Getting UCE loci for cheilotilapia_euchilus_ID23--------
2015-11-04 12:26:18,872 - phyluce_assembly_get_fastas_from_match_counts - INFO - There are 914 UCE loci for cheilotilapia_euchilus_ID23
2015-11-04 12:26:18,873 - phyluce_assembly_get_fastas_from_match_counts - INFO - Parsing and renaming contigs for cheilotilapia_euchilus_ID23
2015-11-04 12:26:57,199 - phyluce_assembly_get_fastas_from_match_counts - INFO - Writing missing locus information to /home/jimmyzheng/JZ_UCE_RUNS/taxon-sets/extended/all-taxa-incomplete.incomplete
2015-11-04 12:26:57,200 - phyluce_assembly_get_fastas_from_match_counts - INFO - ---------Getting UCE loci for cheilotilapia_rhodessi_ID24--------
2015-11-04 12:26:58,518 - phyluce_assembly_get_fastas_from_match_counts - INFO - There are 908 UCE loci for cheilotilapia_rhodessi_ID24
2015-11-04 12:26:58,518 - phyluce_assembly_get_fastas_from_match_counts - INFO - Parsing and renaming contigs for cheilotilapia_rhodessi_ID24
2015-11-04 12:27:41,374 - phyluce_assembly_get_fastas_from_match_counts - INFO - Writing missing locus information to /home/jimmyzheng/JZ_UCE_RUNS/taxon-sets/extended/all-taxa-incomplete.incomplete
2015-11-04 12:27:41,376 - phyluce_assembly_get_fastas_from_match_counts - INFO - -------Getting UCE loci for copadichromis_trimaculatus_ID18------
2015-11-04 12:27:42,676 - phyluce_assembly_get_fastas_from_match_counts - INFO - There are 894 UCE loci for copadichromis_trimaculatus_ID18
2015-11-04 12:27:42,676 - phyluce_assembly_get_fastas_from_match_counts - INFO - Parsing and renaming contigs for copadichromis_trimaculatus_ID18
2015-11-04 12:28:10,609 - phyluce_assembly_get_fastas_from_match_counts - INFO - Writing missing locus information to /home/jimmyzheng/JZ_UCE_RUNS/taxon-sets/extended/all-taxa-incomplete.incomplete
2015-11-04 12:28:10,611 - phyluce_assembly_get_fastas_from_match_counts - INFO - --------Getting UCE loci for cyathichromis_obliquidens_ID3-------
2015-11-04 12:28:12,030 - phyluce_assembly_get_fastas_from_match_counts - INFO - There are 917 UCE loci for cyathichromis_obliquidens_ID3
2015-11-04 12:28:12,030 - phyluce_assembly_get_fastas_from_match_counts - INFO - Parsing and renaming contigs for cyathichromis_obliquidens_ID3
2015-11-04 12:28:45,984 - phyluce_assembly_get_fastas_from_match_counts - INFO - Writing missing locus information to /home/jimmyzheng/JZ_UCE_RUNS/taxon-sets/extended/all-taxa-incomplete.incomplete
2015-11-04 12:28:45,985 - phyluce_assembly_get_fastas_from_match_counts - INFO - -----------Getting UCE loci for docimodus_evelynae_ID10----------
2015-11-04 12:28:47,319 - phyluce_assembly_get_fastas_from_match_counts - INFO - There are 901 UCE loci for docimodus_evelynae_ID10
2015-11-04 12:28:47,319 - phyluce_assembly_get_fastas_from_match_counts - INFO - Parsing and renaming contigs for docimodus_evelynae_ID10
2015-11-04 12:29:22,982 - phyluce_assembly_get_fastas_from_match_counts - INFO - Writing missing locus information to /home/jimmyzheng/JZ_UCE_RUNS/taxon-sets/extended/all-taxa-incomplete.incomplete
2015-11-04 12:29:22,983 - phyluce_assembly_get_fastas_from_match_counts - INFO - --------Getting UCE loci for fossorichromis_rostratus_ID28-------
2015-11-04 12:29:24,352 - phyluce_assembly_get_fastas_from_match_counts - INFO - There are 919 UCE loci for fossorichromis_rostratus_ID28
2015-11-04 12:29:24,352 - phyluce_assembly_get_fastas_from_match_counts - INFO - Parsing and renaming contigs for fossorichromis_rostratus_ID28
2015-11-04 12:29:57,909 - phyluce_assembly_get_fastas_from_match_counts - INFO - Writing missing locus information to /home/jimmyzheng/JZ_UCE_RUNS/taxon-sets/extended/all-taxa-incomplete.incomplete
2015-11-04 12:29:57,910 - phyluce_assembly_get_fastas_from_match_counts - INFO - -----------Getting UCE loci for genyochromis_mento_ID7-----------
2015-11-04 12:29:59,183 - phyluce_assembly_get_fastas_from_match_counts - INFO - There are 908 UCE loci for genyochromis_mento_ID7
2015-11-04 12:29:59,184 - phyluce_assembly_get_fastas_from_match_counts - INFO - Parsing and renaming contigs for genyochromis_mento_ID7
2015-11-04 12:30:38,340 - phyluce_assembly_get_fastas_from_match_counts - INFO - Writing missing locus information to /home/jimmyzheng/JZ_UCE_RUNS/taxon-sets/extended/all-taxa-incomplete.incomplete
2015-11-04 12:30:38,341 - phyluce_assembly_get_fastas_from_match_counts - INFO - --------Getting UCE loci for hemitilapia_oxyrhynchus_ID15--------
2015-11-04 12:30:39,691 - phyluce_assembly_get_fastas_from_match_counts - INFO - There are 906 UCE loci for hemitilapia_oxyrhynchus_ID15
2015-11-04 12:30:39,692 - phyluce_assembly_get_fastas_from_match_counts - INFO - Parsing and renaming contigs for hemitilapia_oxyrhynchus_ID15
2015-11-04 12:31:36,750 - phyluce_assembly_get_fastas_from_match_counts - INFO - Writing missing locus information to /home/jimmyzheng/JZ_UCE_RUNS/taxon-sets/extended/all-taxa-incomplete.incomplete
2015-11-04 12:31:36,751 - phyluce_assembly_get_fastas_from_match_counts - INFO - --------Getting UCE loci for labeotropheus_fullbornei_ID8--------
2015-11-04 12:31:38,663 - phyluce_assembly_get_fastas_from_match_counts - INFO - There are 924 UCE loci for labeotropheus_fullbornei_ID8
2015-11-04 12:31:38,663 - phyluce_assembly_get_fastas_from_match_counts - INFO - Parsing and renaming contigs for labeotropheus_fullbornei_ID8
2015-11-04 12:32:28,036 - phyluce_assembly_get_fastas_from_match_counts - INFO - Writing missing locus information to /home/jimmyzheng/JZ_UCE_RUNS/taxon-sets/extended/all-taxa-incomplete.incomplete
2015-11-04 12:32:28,037 - phyluce_assembly_get_fastas_from_match_counts - INFO - ---------Getting UCE loci for labeotropheus_trewavase_ID6--------
2015-11-04 12:32:29,318 - phyluce_assembly_get_fastas_from_match_counts - INFO - There are 883 UCE loci for labeotropheus_trewavase_ID6
2015-11-04 12:32:29,318 - phyluce_assembly_get_fastas_from_match_counts - INFO - Parsing and renaming contigs for labeotropheus_trewavase_ID6
2015-11-04 12:33:08,153 - phyluce_assembly_get_fastas_from_match_counts - INFO - Writing missing locus information to /home/jimmyzheng/JZ_UCE_RUNS/taxon-sets/extended/all-taxa-incomplete.incomplete
2015-11-04 12:33:08,154 - phyluce_assembly_get_fastas_from_match_counts - INFO - ----------Getting UCE loci for labidochromis_gigas_ID30----------
2015-11-04 12:33:10,064 - phyluce_assembly_get_fastas_from_match_counts - INFO - There are 908 UCE loci for labidochromis_gigas_ID30
2015-11-04 12:33:10,065 - phyluce_assembly_get_fastas_from_match_counts - INFO - Parsing and renaming contigs for labidochromis_gigas_ID30
2015-11-04 12:33:42,348 - phyluce_assembly_get_fastas_from_match_counts - INFO - Writing missing locus information to /home/jimmyzheng/JZ_UCE_RUNS/taxon-sets/extended/all-taxa-incomplete.incomplete
2015-11-04 12:33:42,348 - phyluce_assembly_get_fastas_from_match_counts - INFO - ----------Getting UCE loci for melanochromis_auratus_ID4---------
2015-11-04 12:33:43,662 - phyluce_assembly_get_fastas_from_match_counts - INFO - There are 899 UCE loci for melanochromis_auratus_ID4
2015-11-04 12:33:43,662 - phyluce_assembly_get_fastas_from_match_counts - INFO - Parsing and renaming contigs for melanochromis_auratus_ID4
2015-11-04 12:34:28,779 - phyluce_assembly_get_fastas_from_match_counts - INFO - Writing missing locus information to /home/jimmyzheng/JZ_UCE_RUNS/taxon-sets/extended/all-taxa-incomplete.incomplete
2015-11-04 12:34:28,780 - phyluce_assembly_get_fastas_from_match_counts - INFO - --------Getting UCE loci for melanochromis_kaskazini_ID33--------
2015-11-04 12:34:30,140 - phyluce_assembly_get_fastas_from_match_counts - INFO - There are 900 UCE loci for melanochromis_kaskazini_ID33
2015-11-04 12:34:30,141 - phyluce_assembly_get_fastas_from_match_counts - INFO - Parsing and renaming contigs for melanochromis_kaskazini_ID33
2015-11-04 12:35:12,436 - phyluce_assembly_get_fastas_from_match_counts - INFO - Writing missing locus information to /home/jimmyzheng/JZ_UCE_RUNS/taxon-sets/extended/all-taxa-incomplete.incomplete
2015-11-04 12:35:12,437 - phyluce_assembly_get_fastas_from_match_counts - INFO - ---------Getting UCE loci for metriaclima_greshakae_ID11---------
2015-11-04 12:35:13,781 - phyluce_assembly_get_fastas_from_match_counts - INFO - There are 900 UCE loci for metriaclima_greshakae_ID11
2015-11-04 12:35:13,781 - phyluce_assembly_get_fastas_from_match_counts - INFO - Parsing and renaming contigs for metriaclima_greshakae_ID11
2015-11-04 12:35:58,503 - phyluce_assembly_get_fastas_from_match_counts - INFO - Writing missing locus information to /home/jimmyzheng/JZ_UCE_RUNS/taxon-sets/extended/all-taxa-incomplete.incomplete
2015-11-04 12:35:58,504 - phyluce_assembly_get_fastas_from_match_counts - INFO - ----------Getting UCE loci for metriaclima_patricki_ID22---------
2015-11-04 12:35:59,803 - phyluce_assembly_get_fastas_from_match_counts - INFO - There are 904 UCE loci for metriaclima_patricki_ID22
2015-11-04 12:35:59,803 - phyluce_assembly_get_fastas_from_match_counts - INFO - Parsing and renaming contigs for metriaclima_patricki_ID22
2015-11-04 12:36:41,085 - phyluce_assembly_get_fastas_from_match_counts - INFO - Writing missing locus information to /home/jimmyzheng/JZ_UCE_RUNS/taxon-sets/extended/all-taxa-incomplete.incomplete
2015-11-04 12:36:41,086 - phyluce_assembly_get_fastas_from_match_counts - INFO - ---------Getting UCE loci for nimbochromis_polystigma_ID2--------
2015-11-04 12:36:42,961 - phyluce_assembly_get_fastas_from_match_counts - INFO - There are 917 UCE loci for nimbochromis_polystigma_ID2
2015-11-04 12:36:42,961 - phyluce_assembly_get_fastas_from_match_counts - INFO - Parsing and renaming contigs for nimbochromis_polystigma_ID2
2015-11-04 12:37:26,013 - phyluce_assembly_get_fastas_from_match_counts - INFO - Writing missing locus information to /home/jimmyzheng/JZ_UCE_RUNS/taxon-sets/extended/all-taxa-incomplete.incomplete
2015-11-04 12:37:26,014 - phyluce_assembly_get_fastas_from_match_counts - INFO - --------Getting UCE loci for oreochromis_niloticus_genome*-------
2015-11-04 12:37:27,352 - phyluce_assembly_get_fastas_from_match_counts - INFO - There are 927 UCE loci for oreochromis_niloticus_genome*
2015-11-04 12:37:27,353 - phyluce_assembly_get_fastas_from_match_counts - INFO - Parsing and renaming contigs for oreochromis_niloticus_genome*
2015-11-04 12:37:30,217 - phyluce_assembly_get_fastas_from_match_counts - INFO - Replaced <20 ambiguous bases (N) in 65 contigs for oreochromis_niloticus_genome*
2015-11-04 12:37:30,217 - phyluce_assembly_get_fastas_from_match_counts - INFO - Writing missing locus information to /home/jimmyzheng/JZ_UCE_RUNS/taxon-sets/extended/all-taxa-incomplete.incomplete
2015-11-04 12:37:30,218 - phyluce_assembly_get_fastas_from_match_counts - INFO - ----------Getting UCE loci for otopharynx_heterodon_ID13---------
2015-11-04 12:37:31,572 - phyluce_assembly_get_fastas_from_match_counts - INFO - There are 901 UCE loci for otopharynx_heterodon_ID13
2015-11-04 12:37:31,572 - phyluce_assembly_get_fastas_from_match_counts - INFO - Parsing and renaming contigs for otopharynx_heterodon_ID13
2015-11-04 12:38:07,812 - phyluce_assembly_get_fastas_from_match_counts - INFO - Writing missing locus information to /home/jimmyzheng/JZ_UCE_RUNS/taxon-sets/extended/all-taxa-incomplete.incomplete
2015-11-04 12:38:07,813 - phyluce_assembly_get_fastas_from_match_counts - INFO - ---------Getting UCE loci for otopharynx_lithobates_ID16---------
2015-11-04 12:38:09,193 - phyluce_assembly_get_fastas_from_match_counts - INFO - There are 918 UCE loci for otopharynx_lithobates_ID16
2015-11-04 12:38:09,194 - phyluce_assembly_get_fastas_from_match_counts - INFO - Parsing and renaming contigs for otopharynx_lithobates_ID16
2015-11-04 12:38:41,783 - phyluce_assembly_get_fastas_from_match_counts - INFO - Writing missing locus information to /home/jimmyzheng/JZ_UCE_RUNS/taxon-sets/extended/all-taxa-incomplete.incomplete
2015-11-04 12:38:41,784 - phyluce_assembly_get_fastas_from_match_counts - INFO - ------------Getting UCE loci for otopharynx_picta_ID14-----------
2015-11-04 12:38:43,172 - phyluce_assembly_get_fastas_from_match_counts - INFO - There are 926 UCE loci for otopharynx_picta_ID14
2015-11-04 12:38:43,173 - phyluce_assembly_get_fastas_from_match_counts - INFO - Parsing and renaming contigs for otopharynx_picta_ID14
2015-11-04 12:39:16,853 - phyluce_assembly_get_fastas_from_match_counts - INFO - Writing missing locus information to /home/jimmyzheng/JZ_UCE_RUNS/taxon-sets/extended/all-taxa-incomplete.incomplete
2015-11-04 12:39:16,854 - phyluce_assembly_get_fastas_from_match_counts - INFO - -----------Getting UCE loci for petrotilapia_nigra_ID9-----------
2015-11-04 12:39:19,183 - phyluce_assembly_get_fastas_from_match_counts - INFO - There are 913 UCE loci for petrotilapia_nigra_ID9
2015-11-04 12:39:19,184 - phyluce_assembly_get_fastas_from_match_counts - INFO - Parsing and renaming contigs for petrotilapia_nigra_ID9
2015-11-04 12:40:08,436 - phyluce_assembly_get_fastas_from_match_counts - INFO - Writing missing locus information to /home/jimmyzheng/JZ_UCE_RUNS/taxon-sets/extended/all-taxa-incomplete.incomplete
2015-11-04 12:40:08,437 - phyluce_assembly_get_fastas_from_match_counts - INFO - ---------Getting UCE loci for placidochromis_electra_ID21--------
2015-11-04 12:40:10,597 - phyluce_assembly_get_fastas_from_match_counts - INFO - There are 900 UCE loci for placidochromis_electra_ID21
2015-11-04 12:40:10,598 - phyluce_assembly_get_fastas_from_match_counts - INFO - Parsing and renaming contigs for placidochromis_electra_ID21
2015-11-04 12:40:53,303 - phyluce_assembly_get_fastas_from_match_counts - INFO - Writing missing locus information to /home/jimmyzheng/JZ_UCE_RUNS/taxon-sets/extended/all-taxa-incomplete.incomplete
2015-11-04 12:40:53,304 - phyluce_assembly_get_fastas_from_match_counts - INFO - ---------Getting UCE loci for placidochromis_milomo_ID17---------
2015-11-04 12:40:54,859 - phyluce_assembly_get_fastas_from_match_counts - INFO - There are 927 UCE loci for placidochromis_milomo_ID17
2015-11-04 12:40:54,859 - phyluce_assembly_get_fastas_from_match_counts - INFO - Parsing and renaming contigs for placidochromis_milomo_ID17
2015-11-04 12:41:29,375 - phyluce_assembly_get_fastas_from_match_counts - INFO - Writing missing locus information to /home/jimmyzheng/JZ_UCE_RUNS/taxon-sets/extended/all-taxa-incomplete.incomplete
2015-11-04 12:41:29,376 - phyluce_assembly_get_fastas_from_match_counts - INFO - ----------Getting UCE loci for psedotropheus_crabro_ID27---------
2015-11-04 12:41:30,943 - phyluce_assembly_get_fastas_from_match_counts - INFO - There are 921 UCE loci for psedotropheus_crabro_ID27
2015-11-04 12:41:30,943 - phyluce_assembly_get_fastas_from_match_counts - INFO - Parsing and renaming contigs for psedotropheus_crabro_ID27
2015-11-04 12:42:04,521 - phyluce_assembly_get_fastas_from_match_counts - INFO - Writing missing locus information to /home/jimmyzheng/JZ_UCE_RUNS/taxon-sets/extended/all-taxa-incomplete.incomplete
2015-11-04 12:42:04,522 - phyluce_assembly_get_fastas_from_match_counts - INFO - ---------Getting UCE loci for pseudotropheus_flavus_ID19---------
2015-11-04 12:42:05,838 - phyluce_assembly_get_fastas_from_match_counts - INFO - There are 910 UCE loci for pseudotropheus_flavus_ID19
2015-11-04 12:42:05,838 - phyluce_assembly_get_fastas_from_match_counts - INFO - Parsing and renaming contigs for pseudotropheus_flavus_ID19
2015-11-04 12:42:45,385 - phyluce_assembly_get_fastas_from_match_counts - INFO - Writing missing locus information to /home/jimmyzheng/JZ_UCE_RUNS/taxon-sets/extended/all-taxa-incomplete.incomplete
2015-11-04 12:42:45,386 - phyluce_assembly_get_fastas_from_match_counts - INFO - --------Getting UCE loci for rhamphochromis_longiceps_ID81-------
2015-11-04 12:42:46,736 - phyluce_assembly_get_fastas_from_match_counts - INFO - There are 923 UCE loci for rhamphochromis_longiceps_ID81
2015-11-04 12:42:46,737 - phyluce_assembly_get_fastas_from_match_counts - INFO - Parsing and renaming contigs for rhamphochromis_longiceps_ID81
2015-11-04 12:43:30,268 - phyluce_assembly_get_fastas_from_match_counts - INFO - Writing missing locus information to /home/jimmyzheng/JZ_UCE_RUNS/taxon-sets/extended/all-taxa-incomplete.incomplete
2015-11-04 12:43:30,270 - phyluce_assembly_get_fastas_from_match_counts - INFO - ----------Getting UCE loci for simochromis_babaulti_ID48---------
2015-11-04 12:43:31,605 - phyluce_assembly_get_fastas_from_match_counts - INFO - There are 945 UCE loci for simochromis_babaulti_ID48
2015-11-04 12:43:31,605 - phyluce_assembly_get_fastas_from_match_counts - INFO - Parsing and renaming contigs for simochromis_babaulti_ID48
2015-11-04 12:44:04,291 - phyluce_assembly_get_fastas_from_match_counts - INFO - Writing missing locus information to /home/jimmyzheng/JZ_UCE_RUNS/taxon-sets/extended/all-taxa-incomplete.incomplete
2015-11-04 12:44:04,292 - phyluce_assembly_get_fastas_from_match_counts - INFO - ---------Getting UCE loci for stigmatochromis_woodei_ID20--------
2015-11-04 12:44:05,853 - phyluce_assembly_get_fastas_from_match_counts - INFO - There are 929 UCE loci for stigmatochromis_woodei_ID20
2015-11-04 12:44:05,853 - phyluce_assembly_get_fastas_from_match_counts - INFO - Parsing and renaming contigs for stigmatochromis_woodei_ID20
2015-11-04 12:44:51,025 - phyluce_assembly_get_fastas_from_match_counts - INFO - Writing missing locus information to /home/jimmyzheng/JZ_UCE_RUNS/taxon-sets/extended/all-taxa-incomplete.incomplete
2015-11-04 12:44:51,025 - phyluce_assembly_get_fastas_from_match_counts - INFO - -----Getting UCE loci for taeniolethrinops_preorbitalis_ID29-----
2015-11-04 12:44:52,364 - phyluce_assembly_get_fastas_from_match_counts - INFO - There are 913 UCE loci for taeniolethrinops_preorbitalis_ID29
2015-11-04 12:44:52,365 - phyluce_assembly_get_fastas_from_match_counts - INFO - Parsing and renaming contigs for taeniolethrinops_preorbitalis_ID29
2015-11-04 12:45:18,562 - phyluce_assembly_get_fastas_from_match_counts - INFO - Writing missing locus information to /home/jimmyzheng/JZ_UCE_RUNS/taxon-sets/extended/all-taxa-incomplete.incomplete
2015-11-04 12:45:18,563 - phyluce_assembly_get_fastas_from_match_counts - INFO - ----------Getting UCE loci for tropheops_microstoma_ID1----------
2015-11-04 12:45:19,909 - phyluce_assembly_get_fastas_from_match_counts - INFO - There are 912 UCE loci for tropheops_microstoma_ID1
2015-11-04 12:45:19,909 - phyluce_assembly_get_fastas_from_match_counts - INFO - Parsing and renaming contigs for tropheops_microstoma_ID1
2015-11-04 12:46:11,129 - phyluce_assembly_get_fastas_from_match_counts - INFO - Writing missing locus information to /home/jimmyzheng/JZ_UCE_RUNS/taxon-sets/extended/all-taxa-incomplete.incomplete
2015-11-04 12:46:11,130 - phyluce_assembly_get_fastas_from_match_counts - INFO - -------Getting UCE loci for tyrannochromis_nigriventer_ID5-------
2015-11-04 12:46:13,336 - phyluce_assembly_get_fastas_from_match_counts - INFO - There are 923 UCE loci for tyrannochromis_nigriventer_ID5
2015-11-04 12:46:13,336 - phyluce_assembly_get_fastas_from_match_counts - INFO - Parsing and renaming contigs for tyrannochromis_nigriventer_ID5
2015-11-04 12:47:05,658 - phyluce_assembly_get_fastas_from_match_counts - INFO - Writing missing locus information to /home/jimmyzheng/JZ_UCE_RUNS/taxon-sets/extended/all-taxa-incomplete.incomplete
2015-11-04 12:47:05,659 - phyluce_assembly_get_fastas_from_match_counts - INFO - ==== Completed phyluce_assembly_get_fastas_from_match_counts ====
2015-11-06 02:37:05,715 - phyluce_assembly_get_fastas_from_match_counts - INFO - ===== Starting phyluce_assembly_get_fastas_from_match_counts ====
2015-11-06 02:37:05,715 - phyluce_assembly_get_fastas_from_match_counts - INFO - Version: 1.5.0
2015-11-06 02:37:05,715 - phyluce_assembly_get_fastas_from_match_counts - INFO - Argument --contigs: /home/jimmyzheng/JZ_UCE_RUNS/second_try/contigs
2015-11-06 02:37:05,716 - phyluce_assembly_get_fastas_from_match_counts - INFO - Argument --extend_locus_contigs: /home/jimmyzheng/JZ_UCE_RUNS/outgroup-taxon-sets/outgroup-fasta
2015-11-06 02:37:05,716 - phyluce_assembly_get_fastas_from_match_counts - INFO - Argument --extend_locus_db: /home/jimmyzheng/JZ_UCE_RUNS/outgroup-taxon-sets/uce-search-results/probe.matches.sqlite
2015-11-06 02:37:05,716 - phyluce_assembly_get_fastas_from_match_counts - INFO - Argument --incomplete_matrix: /home/jimmyzheng/JZ_UCE_RUNS/taxon-sets/extended/all-taxa-incomplete.incomplete
2015-11-06 02:37:05,716 - phyluce_assembly_get_fastas_from_match_counts - INFO - Argument --locus_db: /home/jimmyzheng/JZ_UCE_RUNS/uce-search-results/probe.matches.sqlite
2015-11-06 02:37:05,716 - phyluce_assembly_get_fastas_from_match_counts - INFO - Argument --log_path: /home/jimmyzheng/JZ_UCE_RUNS/taxon-sets/extended/log
2015-11-06 02:37:05,716 - phyluce_assembly_get_fastas_from_match_counts - INFO - Argument --match_count_output: /home/jimmyzheng/JZ_UCE_RUNS/taxon-sets/extended/all-taxa-incomplete.conf
2015-11-06 02:37:05,716 - phyluce_assembly_get_fastas_from_match_counts - INFO - Argument --output: /home/jimmyzheng/JZ_UCE_RUNS/taxon-sets/extended/all-taxa-incomplete.fasta
2015-11-06 02:37:05,716 - phyluce_assembly_get_fastas_from_match_counts - INFO - Argument --verbosity: INFO
2015-11-06 02:37:05,730 - phyluce_assembly_get_fastas_from_match_counts - INFO - Attaching extended database probe.matches.sqlite
2015-11-06 02:37:05,731 - phyluce_assembly_get_fastas_from_match_counts - INFO - There are 37 taxa in the match-count-config file named all-taxa-incomplete.conf
2015-11-06 02:37:05,735 - phyluce_assembly_get_fastas_from_match_counts - INFO - There are 1105 UCE loci in an INCOMPLETE matrix
2015-11-06 02:37:05,736 - phyluce_assembly_get_fastas_from_match_counts - INFO - --------Getting UCE loci for aristochromis_christiae_ID25--------
2015-11-06 02:37:07,596 - phyluce_assembly_get_fastas_from_match_counts - INFO - There are 924 UCE loci for aristochromis_christiae_ID25
2015-11-06 02:37:07,597 - phyluce_assembly_get_fastas_from_match_counts - INFO - Parsing and renaming contigs for aristochromis_christiae_ID25
2015-11-06 02:38:05,819 - phyluce_assembly_get_fastas_from_match_counts - INFO - Writing missing locus information to /home/jimmyzheng/JZ_UCE_RUNS/taxon-sets/extended/all-taxa-incomplete.incomplete
2015-11-06 02:38:05,820 - phyluce_assembly_get_fastas_from_match_counts - INFO - ---------Getting UCE loci for astatotilapia_burtoni_ID32---------
2015-11-06 02:38:07,574 - phyluce_assembly_get_fastas_from_match_counts - INFO - There are 906 UCE loci for astatotilapia_burtoni_ID32
2015-11-06 02:38:07,574 - phyluce_assembly_get_fastas_from_match_counts - INFO - Parsing and renaming contigs for astatotilapia_burtoni_ID32
2015-11-06 02:38:47,854 - phyluce_assembly_get_fastas_from_match_counts - INFO - Writing missing locus information to /home/jimmyzheng/JZ_UCE_RUNS/taxon-sets/extended/all-taxa-incomplete.incomplete
2015-11-06 02:38:47,855 - phyluce_assembly_get_fastas_from_match_counts - INFO - --------Getting UCE loci for aulonocara_stuartgranti_ID26--------
2015-11-06 02:38:49,548 - phyluce_assembly_get_fastas_from_match_counts - INFO - There are 905 UCE loci for aulonocara_stuartgranti_ID26
2015-11-06 02:38:49,548 - phyluce_assembly_get_fastas_from_match_counts - INFO - Parsing and renaming contigs for aulonocara_stuartgranti_ID26
2015-11-06 02:39:32,643 - phyluce_assembly_get_fastas_from_match_counts - INFO - Writing missing locus information to /home/jimmyzheng/JZ_UCE_RUNS/taxon-sets/extended/all-taxa-incomplete.incomplete
2015-11-06 02:39:32,644 - phyluce_assembly_get_fastas_from_match_counts - INFO - -------Getting UCE loci for capidochromis_eucinostomus_ID12------
2015-11-06 02:39:34,018 - phyluce_assembly_get_fastas_from_match_counts - INFO - There are 899 UCE loci for capidochromis_eucinostomus_ID12
2015-11-06 02:39:34,019 - phyluce_assembly_get_fastas_from_match_counts - INFO - Parsing and renaming contigs for capidochromis_eucinostomus_ID12
2015-11-06 02:40:34,627 - phyluce_assembly_get_fastas_from_match_counts - INFO - Writing missing locus information to /home/jimmyzheng/JZ_UCE_RUNS/taxon-sets/extended/all-taxa-incomplete.incomplete
2015-11-06 02:40:34,628 - phyluce_assembly_get_fastas_from_match_counts - INFO - ---------Getting UCE loci for cheilotilapia_euchilus_ID23--------
2015-11-06 02:40:36,185 - phyluce_assembly_get_fastas_from_match_counts - INFO - There are 914 UCE loci for cheilotilapia_euchilus_ID23
2015-11-06 02:40:36,185 - phyluce_assembly_get_fastas_from_match_counts - INFO - Parsing and renaming contigs for cheilotilapia_euchilus_ID23
2015-11-06 02:41:22,248 - phyluce_assembly_get_fastas_from_match_counts - INFO - Writing missing locus information to /home/jimmyzheng/JZ_UCE_RUNS/taxon-sets/extended/all-taxa-incomplete.incomplete
2015-11-06 02:41:22,250 - phyluce_assembly_get_fastas_from_match_counts - INFO - ---------Getting UCE loci for cheilotilapia_rhodessi_ID24--------
2015-11-06 02:41:24,014 - phyluce_assembly_get_fastas_from_match_counts - INFO - There are 908 UCE loci for cheilotilapia_rhodessi_ID24
2015-11-06 02:41:24,014 - phyluce_assembly_get_fastas_from_match_counts - INFO - Parsing and renaming contigs for cheilotilapia_rhodessi_ID24
2015-11-06 02:42:14,404 - phyluce_assembly_get_fastas_from_match_counts - INFO - Writing missing locus information to /home/jimmyzheng/JZ_UCE_RUNS/taxon-sets/extended/all-taxa-incomplete.incomplete
2015-11-06 02:42:14,406 - phyluce_assembly_get_fastas_from_match_counts - INFO - -------Getting UCE loci for copadichromis_trimaculatus_ID18------
2015-11-06 02:42:15,864 - phyluce_assembly_get_fastas_from_match_counts - INFO - There are 894 UCE loci for copadichromis_trimaculatus_ID18
2015-11-06 02:42:15,865 - phyluce_assembly_get_fastas_from_match_counts - INFO - Parsing and renaming contigs for copadichromis_trimaculatus_ID18
2015-11-06 02:42:47,408 - phyluce_assembly_get_fastas_from_match_counts - INFO - Writing missing locus information to /home/jimmyzheng/JZ_UCE_RUNS/taxon-sets/extended/all-taxa-incomplete.incomplete
2015-11-06 02:42:47,410 - phyluce_assembly_get_fastas_from_match_counts - INFO - --------Getting UCE loci for cyathichromis_obliquidens_ID3-------
2015-11-06 02:42:49,043 - phyluce_assembly_get_fastas_from_match_counts - INFO - There are 917 UCE loci for cyathichromis_obliquidens_ID3
2015-11-06 02:42:49,043 - phyluce_assembly_get_fastas_from_match_counts - INFO - Parsing and renaming contigs for cyathichromis_obliquidens_ID3
2015-11-06 02:43:28,382 - phyluce_assembly_get_fastas_from_match_counts - INFO - Writing missing locus information to /home/jimmyzheng/JZ_UCE_RUNS/taxon-sets/extended/all-taxa-incomplete.incomplete
2015-11-06 02:43:28,384 - phyluce_assembly_get_fastas_from_match_counts - INFO - -----------Getting UCE loci for docimodus_evelynae_ID10----------
2015-11-06 02:43:30,266 - phyluce_assembly_get_fastas_from_match_counts - INFO - There are 901 UCE loci for docimodus_evelynae_ID10
2015-11-06 02:43:30,266 - phyluce_assembly_get_fastas_from_match_counts - INFO - Parsing and renaming contigs for docimodus_evelynae_ID10
2015-11-06 02:44:13,948 - phyluce_assembly_get_fastas_from_match_counts - INFO - Writing missing locus information to /home/jimmyzheng/JZ_UCE_RUNS/taxon-sets/extended/all-taxa-incomplete.incomplete
2015-11-06 02:44:13,949 - phyluce_assembly_get_fastas_from_match_counts - INFO - --------Getting UCE loci for fossorichromis_rostratus_ID28-------
2015-11-06 02:44:15,498 - phyluce_assembly_get_fastas_from_match_counts - INFO - There are 919 UCE loci for fossorichromis_rostratus_ID28
2015-11-06 02:44:15,498 - phyluce_assembly_get_fastas_from_match_counts - INFO - Parsing and renaming contigs for fossorichromis_rostratus_ID28
2015-11-06 02:44:46,672 - phyluce_assembly_get_fastas_from_match_counts - INFO - Writing missing locus information to /home/jimmyzheng/JZ_UCE_RUNS/taxon-sets/extended/all-taxa-incomplete.incomplete
2015-11-06 02:44:46,673 - phyluce_assembly_get_fastas_from_match_counts - INFO - -----------Getting UCE loci for genyochromis_mento_ID7-----------
2015-11-06 02:44:48,178 - phyluce_assembly_get_fastas_from_match_counts - INFO - There are 908 UCE loci for genyochromis_mento_ID7
2015-11-06 02:44:48,178 - phyluce_assembly_get_fastas_from_match_counts - INFO - Parsing and renaming contigs for genyochromis_mento_ID7
2015-11-06 02:45:32,316 - phyluce_assembly_get_fastas_from_match_counts - INFO - Writing missing locus information to /home/jimmyzheng/JZ_UCE_RUNS/taxon-sets/extended/all-taxa-incomplete.incomplete
2015-11-06 02:45:32,318 - phyluce_assembly_get_fastas_from_match_counts - INFO - --------Getting UCE loci for hemitilapia_oxyrhynchus_ID15--------
2015-11-06 02:45:33,925 - phyluce_assembly_get_fastas_from_match_counts - INFO - There are 906 UCE loci for hemitilapia_oxyrhynchus_ID15
2015-11-06 02:45:33,925 - phyluce_assembly_get_fastas_from_match_counts - INFO - Parsing and renaming contigs for hemitilapia_oxyrhynchus_ID15
2015-11-06 02:46:24,376 - phyluce_assembly_get_fastas_from_match_counts - INFO - Writing missing locus information to /home/jimmyzheng/JZ_UCE_RUNS/taxon-sets/extended/all-taxa-incomplete.incomplete
2015-11-06 02:46:24,378 - phyluce_assembly_get_fastas_from_match_counts - INFO - --------Getting UCE loci for labeotropheus_fullbornei_ID8--------
2015-11-06 02:46:26,146 - phyluce_assembly_get_fastas_from_match_counts - INFO - There are 924 UCE loci for labeotropheus_fullbornei_ID8
2015-11-06 02:46:26,146 - phyluce_assembly_get_fastas_from_match_counts - INFO - Parsing and renaming contigs for labeotropheus_fullbornei_ID8
2015-11-06 02:47:19,627 - phyluce_assembly_get_fastas_from_match_counts - INFO - Writing missing locus information to /home/jimmyzheng/JZ_UCE_RUNS/taxon-sets/extended/all-taxa-incomplete.incomplete
2015-11-06 02:47:19,628 - phyluce_assembly_get_fastas_from_match_counts - INFO - ---------Getting UCE loci for labeotropheus_trewavase_ID6--------
2015-11-06 02:47:21,263 - phyluce_assembly_get_fastas_from_match_counts - INFO - There are 883 UCE loci for labeotropheus_trewavase_ID6
2015-11-06 02:47:21,263 - phyluce_assembly_get_fastas_from_match_counts - INFO - Parsing and renaming contigs for labeotropheus_trewavase_ID6
2015-11-06 02:48:00,799 - phyluce_assembly_get_fastas_from_match_counts - INFO - Writing missing locus information to /home/jimmyzheng/JZ_UCE_RUNS/taxon-sets/extended/all-taxa-incomplete.incomplete
2015-11-06 02:48:00,800 - phyluce_assembly_get_fastas_from_match_counts - INFO - ----------Getting UCE loci for labidochromis_gigas_ID30----------
2015-11-06 02:48:01,980 - phyluce_assembly_get_fastas_from_match_counts - INFO - There are 908 UCE loci for labidochromis_gigas_ID30
2015-11-06 02:48:01,980 - phyluce_assembly_get_fastas_from_match_counts - INFO - Parsing and renaming contigs for labidochromis_gigas_ID30
2015-11-06 02:48:28,209 - phyluce_assembly_get_fastas_from_match_counts - INFO - Writing missing locus information to /home/jimmyzheng/JZ_UCE_RUNS/taxon-sets/extended/all-taxa-incomplete.incomplete
2015-11-06 02:48:28,210 - phyluce_assembly_get_fastas_from_match_counts - INFO - ----------Getting UCE loci for melanochromis_auratus_ID4---------
2015-11-06 02:48:29,366 - phyluce_assembly_get_fastas_from_match_counts - INFO - There are 899 UCE loci for melanochromis_auratus_ID4
2015-11-06 02:48:29,366 - phyluce_assembly_get_fastas_from_match_counts - INFO - Parsing and renaming contigs for melanochromis_auratus_ID4
2015-11-06 02:49:05,862 - phyluce_assembly_get_fastas_from_match_counts - INFO - Writing missing locus information to /home/jimmyzheng/JZ_UCE_RUNS/taxon-sets/extended/all-taxa-incomplete.incomplete
2015-11-06 02:49:05,863 - phyluce_assembly_get_fastas_from_match_counts - INFO - --------Getting UCE loci for melanochromis_kaskazini_ID33--------
2015-11-06 02:49:07,027 - phyluce_assembly_get_fastas_from_match_counts - INFO - There are 900 UCE loci for melanochromis_kaskazini_ID33
2015-11-06 02:49:07,027 - phyluce_assembly_get_fastas_from_match_counts - INFO - Parsing and renaming contigs for melanochromis_kaskazini_ID33
2015-11-06 02:49:40,472 - phyluce_assembly_get_fastas_from_match_counts - INFO - Writing missing locus information to /home/jimmyzheng/JZ_UCE_RUNS/taxon-sets/extended/all-taxa-incomplete.incomplete
2015-11-06 02:49:40,473 - phyluce_assembly_get_fastas_from_match_counts - INFO - ---------Getting UCE loci for metriaclima_greshakae_ID11---------
2015-11-06 02:49:41,697 - phyluce_assembly_get_fastas_from_match_counts - INFO - There are 900 UCE loci for metriaclima_greshakae_ID11
2015-11-06 02:49:41,697 - phyluce_assembly_get_fastas_from_match_counts - INFO - Parsing and renaming contigs for metriaclima_greshakae_ID11
2015-11-06 02:50:15,134 - phyluce_assembly_get_fastas_from_match_counts - INFO - Writing missing locus information to /home/jimmyzheng/JZ_UCE_RUNS/taxon-sets/extended/all-taxa-incomplete.incomplete
2015-11-06 02:50:15,135 - phyluce_assembly_get_fastas_from_match_counts - INFO - ----------Getting UCE loci for metriaclima_patricki_ID22---------
2015-11-06 02:50:16,281 - phyluce_assembly_get_fastas_from_match_counts - INFO - There are 904 UCE loci for metriaclima_patricki_ID22
2015-11-06 02:50:16,281 - phyluce_assembly_get_fastas_from_match_counts - INFO - Parsing and renaming contigs for metriaclima_patricki_ID22
2015-11-06 02:50:50,240 - phyluce_assembly_get_fastas_from_match_counts - INFO - Writing missing locus information to /home/jimmyzheng/JZ_UCE_RUNS/taxon-sets/extended/all-taxa-incomplete.incomplete
2015-11-06 02:50:50,240 - phyluce_assembly_get_fastas_from_match_counts - INFO - ----------------Getting UCE loci for n_brichardi*----------------
2015-11-06 02:50:51,484 - phyluce_assembly_get_fastas_from_match_counts - INFO - There are 924 UCE loci for n_brichardi*
2015-11-06 02:50:51,484 - phyluce_assembly_get_fastas_from_match_counts - INFO - Parsing and renaming contigs for n_brichardi*
2015-11-06 02:50:53,962 - phyluce_assembly_get_fastas_from_match_counts - INFO - Replaced <20 ambiguous bases (N) in 142 contigs for n_brichardi*
2015-11-06 02:50:53,962 - phyluce_assembly_get_fastas_from_match_counts - INFO - Writing missing locus information to /home/jimmyzheng/JZ_UCE_RUNS/taxon-sets/extended/all-taxa-incomplete.incomplete
2015-11-06 02:50:53,963 - phyluce_assembly_get_fastas_from_match_counts - INFO - ---------Getting UCE loci for nimbochromis_polystigma_ID2--------
2015-11-06 02:50:55,199 - phyluce_assembly_get_fastas_from_match_counts - INFO - There are 917 UCE loci for nimbochromis_polystigma_ID2
2015-11-06 02:50:55,200 - phyluce_assembly_get_fastas_from_match_counts - INFO - Parsing and renaming contigs for nimbochromis_polystigma_ID2
2015-11-06 02:51:30,193 - phyluce_assembly_get_fastas_from_match_counts - INFO - Writing missing locus information to /home/jimmyzheng/JZ_UCE_RUNS/taxon-sets/extended/all-taxa-incomplete.incomplete
2015-11-06 02:51:30,194 - phyluce_assembly_get_fastas_from_match_counts - INFO - --------Getting UCE loci for oreochromis_niloticus_genome*-------
2015-11-06 02:51:31,447 - phyluce_assembly_get_fastas_from_match_counts - INFO - There are 927 UCE loci for oreochromis_niloticus_genome*
2015-11-06 02:51:31,448 - phyluce_assembly_get_fastas_from_match_counts - INFO - Parsing and renaming contigs for oreochromis_niloticus_genome*
2015-11-06 02:51:33,894 - phyluce_assembly_get_fastas_from_match_counts - INFO - Replaced <20 ambiguous bases (N) in 65 contigs for oreochromis_niloticus_genome*
2015-11-06 02:51:33,894 - phyluce_assembly_get_fastas_from_match_counts - INFO - Writing missing locus information to /home/jimmyzheng/JZ_UCE_RUNS/taxon-sets/extended/all-taxa-incomplete.incomplete
2015-11-06 02:51:33,895 - phyluce_assembly_get_fastas_from_match_counts - INFO - ----------Getting UCE loci for otopharynx_heterodon_ID13---------
2015-11-06 02:51:35,114 - phyluce_assembly_get_fastas_from_match_counts - INFO - There are 901 UCE loci for otopharynx_heterodon_ID13
2015-11-06 02:51:35,114 - phyluce_assembly_get_fastas_from_match_counts - INFO - Parsing and renaming contigs for otopharynx_heterodon_ID13
2015-11-06 02:52:06,753 - phyluce_assembly_get_fastas_from_match_counts - INFO - Writing missing locus information to /home/jimmyzheng/JZ_UCE_RUNS/taxon-sets/extended/all-taxa-incomplete.incomplete
2015-11-06 02:52:06,753 - phyluce_assembly_get_fastas_from_match_counts - INFO - ---------Getting UCE loci for otopharynx_lithobates_ID16---------
2015-11-06 02:52:07,947 - phyluce_assembly_get_fastas_from_match_counts - INFO - There are 918 UCE loci for otopharynx_lithobates_ID16
2015-11-06 02:52:07,947 - phyluce_assembly_get_fastas_from_match_counts - INFO - Parsing and renaming contigs for otopharynx_lithobates_ID16
2015-11-06 02:52:34,934 - phyluce_assembly_get_fastas_from_match_counts - INFO - Writing missing locus information to /home/jimmyzheng/JZ_UCE_RUNS/taxon-sets/extended/all-taxa-incomplete.incomplete
2015-11-06 02:52:34,935 - phyluce_assembly_get_fastas_from_match_counts - INFO - ------------Getting UCE loci for otopharynx_picta_ID14-----------
2015-11-06 02:52:36,139 - phyluce_assembly_get_fastas_from_match_counts - INFO - There are 926 UCE loci for otopharynx_picta_ID14
2015-11-06 02:52:36,139 - phyluce_assembly_get_fastas_from_match_counts - INFO - Parsing and renaming contigs for otopharynx_picta_ID14
2015-11-06 02:53:02,532 - phyluce_assembly_get_fastas_from_match_counts - INFO - Writing missing locus information to /home/jimmyzheng/JZ_UCE_RUNS/taxon-sets/extended/all-taxa-incomplete.incomplete
2015-11-06 02:53:02,532 - phyluce_assembly_get_fastas_from_match_counts - INFO - -----------------Getting UCE loci for p_nyererei*----------------
2015-11-06 02:53:03,719 - phyluce_assembly_get_fastas_from_match_counts - INFO - There are 918 UCE loci for p_nyererei*
2015-11-06 02:53:03,720 - phyluce_assembly_get_fastas_from_match_counts - INFO - Parsing and renaming contigs for p_nyererei*
2015-11-06 02:53:06,043 - phyluce_assembly_get_fastas_from_match_counts - INFO - Replaced <20 ambiguous bases (N) in 129 contigs for p_nyererei*
2015-11-06 02:53:06,044 - phyluce_assembly_get_fastas_from_match_counts - INFO - Writing missing locus information to /home/jimmyzheng/JZ_UCE_RUNS/taxon-sets/extended/all-taxa-incomplete.incomplete
2015-11-06 02:53:06,044 - phyluce_assembly_get_fastas_from_match_counts - INFO - -----------Getting UCE loci for petrotilapia_nigra_ID9-----------
2015-11-06 02:53:07,223 - phyluce_assembly_get_fastas_from_match_counts - INFO - There are 913 UCE loci for petrotilapia_nigra_ID9
2015-11-06 02:53:07,223 - phyluce_assembly_get_fastas_from_match_counts - INFO - Parsing and renaming contigs for petrotilapia_nigra_ID9
2015-11-06 02:53:41,347 - phyluce_assembly_get_fastas_from_match_counts - INFO - Writing missing locus information to /home/jimmyzheng/JZ_UCE_RUNS/taxon-sets/extended/all-taxa-incomplete.incomplete
2015-11-06 02:53:41,348 - phyluce_assembly_get_fastas_from_match_counts - INFO - ---------Getting UCE loci for placidochromis_electra_ID21--------
2015-11-06 02:53:42,563 - phyluce_assembly_get_fastas_from_match_counts - INFO - There are 900 UCE loci for placidochromis_electra_ID21
2015-11-06 02:53:42,563 - phyluce_assembly_get_fastas_from_match_counts - INFO - Parsing and renaming contigs for placidochromis_electra_ID21
2015-11-06 02:54:16,325 - phyluce_assembly_get_fastas_from_match_counts - INFO - Writing missing locus information to /home/jimmyzheng/JZ_UCE_RUNS/taxon-sets/extended/all-taxa-incomplete.incomplete
2015-11-06 02:54:16,326 - phyluce_assembly_get_fastas_from_match_counts - INFO - ---------Getting UCE loci for placidochromis_milomo_ID17---------
2015-11-06 02:54:17,618 - phyluce_assembly_get_fastas_from_match_counts - INFO - There are 927 UCE loci for placidochromis_milomo_ID17
2015-11-06 02:54:17,618 - phyluce_assembly_get_fastas_from_match_counts - INFO - Parsing and renaming contigs for placidochromis_milomo_ID17
2015-11-06 02:54:43,736 - phyluce_assembly_get_fastas_from_match_counts - INFO - Writing missing locus information to /home/jimmyzheng/JZ_UCE_RUNS/taxon-sets/extended/all-taxa-incomplete.incomplete
2015-11-06 02:54:43,737 - phyluce_assembly_get_fastas_from_match_counts - INFO - ----------Getting UCE loci for psedotropheus_crabro_ID27---------
2015-11-06 02:54:45,050 - phyluce_assembly_get_fastas_from_match_counts - INFO - There are 921 UCE loci for psedotropheus_crabro_ID27
2015-11-06 02:54:45,050 - phyluce_assembly_get_fastas_from_match_counts - INFO - Parsing and renaming contigs for psedotropheus_crabro_ID27
2015-11-06 02:55:10,777 - phyluce_assembly_get_fastas_from_match_counts - INFO - Writing missing locus information to /home/jimmyzheng/JZ_UCE_RUNS/taxon-sets/extended/all-taxa-incomplete.incomplete
2015-11-06 02:55:10,778 - phyluce_assembly_get_fastas_from_match_counts - INFO - ---------Getting UCE loci for pseudotropheus_flavus_ID19---------
2015-11-06 02:55:11,965 - phyluce_assembly_get_fastas_from_match_counts - INFO - There are 910 UCE loci for pseudotropheus_flavus_ID19
2015-11-06 02:55:11,965 - phyluce_assembly_get_fastas_from_match_counts - INFO - Parsing and renaming contigs for pseudotropheus_flavus_ID19
2015-11-06 02:55:42,501 - phyluce_assembly_get_fastas_from_match_counts - INFO - Writing missing locus information to /home/jimmyzheng/JZ_UCE_RUNS/taxon-sets/extended/all-taxa-incomplete.incomplete
2015-11-06 02:55:42,502 - phyluce_assembly_get_fastas_from_match_counts - INFO - --------Getting UCE loci for rhamphochromis_longiceps_ID81-------
2015-11-06 02:55:43,693 - phyluce_assembly_get_fastas_from_match_counts - INFO - There are 923 UCE loci for rhamphochromis_longiceps_ID81
2015-11-06 02:55:43,693 - phyluce_assembly_get_fastas_from_match_counts - INFO - Parsing and renaming contigs for rhamphochromis_longiceps_ID81
2015-11-06 02:56:17,868 - phyluce_assembly_get_fastas_from_match_counts - INFO - Writing missing locus information to /home/jimmyzheng/JZ_UCE_RUNS/taxon-sets/extended/all-taxa-incomplete.incomplete
2015-11-06 02:56:17,869 - phyluce_assembly_get_fastas_from_match_counts - INFO - ----------Getting UCE loci for simochromis_babaulti_ID48---------
2015-11-06 02:56:19,089 - phyluce_assembly_get_fastas_from_match_counts - INFO - There are 945 UCE loci for simochromis_babaulti_ID48
2015-11-06 02:56:19,089 - phyluce_assembly_get_fastas_from_match_counts - INFO - Parsing and renaming contigs for simochromis_babaulti_ID48
2015-11-06 02:56:47,871 - phyluce_assembly_get_fastas_from_match_counts - INFO - Writing missing locus information to /home/jimmyzheng/JZ_UCE_RUNS/taxon-sets/extended/all-taxa-incomplete.incomplete
2015-11-06 02:56:47,872 - phyluce_assembly_get_fastas_from_match_counts - INFO - ---------Getting UCE loci for stigmatochromis_woodei_ID20--------
2015-11-06 02:56:49,187 - phyluce_assembly_get_fastas_from_match_counts - INFO - There are 929 UCE loci for stigmatochromis_woodei_ID20
2015-11-06 02:56:49,187 - phyluce_assembly_get_fastas_from_match_counts - INFO - Parsing and renaming contigs for stigmatochromis_woodei_ID20
2015-11-06 02:57:22,888 - phyluce_assembly_get_fastas_from_match_counts - INFO - Writing missing locus information to /home/jimmyzheng/JZ_UCE_RUNS/taxon-sets/extended/all-taxa-incomplete.incomplete
2015-11-06 02:57:22,888 - phyluce_assembly_get_fastas_from_match_counts - INFO - -----Getting UCE loci for taeniolethrinops_preorbitalis_ID29-----
2015-11-06 02:57:24,076 - phyluce_assembly_get_fastas_from_match_counts - INFO - There are 913 UCE loci for taeniolethrinops_preorbitalis_ID29
2015-11-06 02:57:24,076 - phyluce_assembly_get_fastas_from_match_counts - INFO - Parsing and renaming contigs for taeniolethrinops_preorbitalis_ID29
2015-11-06 02:57:44,398 - phyluce_assembly_get_fastas_from_match_counts - INFO - Writing missing locus information to /home/jimmyzheng/JZ_UCE_RUNS/taxon-sets/extended/all-taxa-incomplete.incomplete
2015-11-06 02:57:44,399 - phyluce_assembly_get_fastas_from_match_counts - INFO - ----------Getting UCE loci for tropheops_microstoma_ID1----------
2015-11-06 02:57:45,542 - phyluce_assembly_get_fastas_from_match_counts - INFO - There are 912 UCE loci for tropheops_microstoma_ID1
2015-11-06 02:57:45,542 - phyluce_assembly_get_fastas_from_match_counts - INFO - Parsing and renaming contigs for tropheops_microstoma_ID1
2015-11-06 02:58:19,181 - phyluce_assembly_get_fastas_from_match_counts - INFO - Writing missing locus information to /home/jimmyzheng/JZ_UCE_RUNS/taxon-sets/extended/all-taxa-incomplete.incomplete
2015-11-06 02:58:19,181 - phyluce_assembly_get_fastas_from_match_counts - INFO - -------Getting UCE loci for tyrannochromis_nigriventer_ID5-------
2015-11-06 02:58:20,422 - phyluce_assembly_get_fastas_from_match_counts - INFO - There are 923 UCE loci for tyrannochromis_nigriventer_ID5
2015-11-06 02:58:20,423 - phyluce_assembly_get_fastas_from_match_counts - INFO - Parsing and renaming contigs for tyrannochromis_nigriventer_ID5
2015-11-06 02:59:06,539 - phyluce_assembly_get_fastas_from_match_counts - INFO - Writing missing locus information to /home/jimmyzheng/JZ_UCE_RUNS/taxon-sets/extended/all-taxa-incomplete.incomplete
2015-11-06 02:59:06,539 - phyluce_assembly_get_fastas_from_match_counts - INFO - ==== Completed phyluce_assembly_get_fastas_from_match_counts ====
