2015-11-06 08:13:19,919 - phyluce_align_get_align_summary_data - INFO - ========= Starting phyluce_align_get_align_summary_data =========
2015-11-06 08:13:19,920 - phyluce_align_get_align_summary_data - INFO - Version: 1.5.0
2015-11-06 08:13:19,920 - phyluce_align_get_align_summary_data - INFO - Argument --alignments: /home/jimmyzheng/JZ_UCE_RUNS/taxon-sets/extended/mafft-nexus-internal-trimmed-gblocks
2015-11-06 08:13:19,920 - phyluce_align_get_align_summary_data - INFO - Argument --cores: 12
2015-11-06 08:13:19,920 - phyluce_align_get_align_summary_data - INFO - Argument --input_format: nexus
2015-11-06 08:13:19,920 - phyluce_align_get_align_summary_data - INFO - Argument --log_path: /home/jimmyzheng/JZ_UCE_RUNS/taxon-sets/extended/log
2015-11-06 08:13:19,921 - phyluce_align_get_align_summary_data - INFO - Argument --show_taxon_counts: False
2015-11-06 08:13:19,921 - phyluce_align_get_align_summary_data - INFO - Argument --verbosity: INFO
2015-11-06 08:13:19,921 - phyluce_align_get_align_summary_data - INFO - Getting alignment files
2015-11-06 08:13:19,929 - phyluce_align_get_align_summary_data - INFO - Computing summary statistics using 12 cores
2015-11-06 08:13:22,656 - phyluce_align_get_align_summary_data - INFO - ----------------------- Alignment summary -----------------------
2015-11-06 08:13:22,657 - phyluce_align_get_align_summary_data - INFO - [Alignments] loci:	1,088
2015-11-06 08:13:22,657 - phyluce_align_get_align_summary_data - INFO - [Alignments] length:	650,068
2015-11-06 08:13:22,657 - phyluce_align_get_align_summary_data - INFO - [Alignments] mean:	597.49
2015-11-06 08:13:22,657 - phyluce_align_get_align_summary_data - INFO - [Alignments] 95% CI:	15.10
2015-11-06 08:13:22,658 - phyluce_align_get_align_summary_data - INFO - [Alignments] min:	211
2015-11-06 08:13:22,658 - phyluce_align_get_align_summary_data - INFO - [Alignments] max:	4,101
2015-11-06 08:13:22,661 - phyluce_align_get_align_summary_data - INFO - ------------------------- Taxon summary -------------------------
2015-11-06 08:13:22,661 - phyluce_align_get_align_summary_data - INFO - [Taxa] mean:		31.02
2015-11-06 08:13:22,661 - phyluce_align_get_align_summary_data - INFO - [Taxa] 95% CI:	0.33
2015-11-06 08:13:22,662 - phyluce_align_get_align_summary_data - INFO - [Taxa] min:		3
2015-11-06 08:13:22,662 - phyluce_align_get_align_summary_data - INFO - [Taxa] max:		37
2015-11-06 08:13:22,664 - phyluce_align_get_align_summary_data - INFO - ----------------- Missing data from trim summary ----------------
2015-11-06 08:13:22,664 - phyluce_align_get_align_summary_data - INFO - [Missing] mean:	0.00
2015-11-06 08:13:22,665 - phyluce_align_get_align_summary_data - INFO - [Missing] 95% CI:	0.00
2015-11-06 08:13:22,665 - phyluce_align_get_align_summary_data - INFO - [Missing] min:	0.00
2015-11-06 08:13:22,665 - phyluce_align_get_align_summary_data - INFO - [Missing] max:	0.00
2015-11-06 08:13:22,679 - phyluce_align_get_align_summary_data - INFO - -------------------- Character count summary --------------------
2015-11-06 08:13:22,680 - phyluce_align_get_align_summary_data - INFO - [All characters]	19,721,992
2015-11-06 08:13:22,680 - phyluce_align_get_align_summary_data - INFO - [Nucleotides]		19,415,735
2015-11-06 08:13:22,682 - phyluce_align_get_align_summary_data - INFO - ---------------- Data matrix completeness summary ---------------
2015-11-06 08:13:22,682 - phyluce_align_get_align_summary_data - INFO - [Matrix 50%]		1054 alignments
2015-11-06 08:13:22,682 - phyluce_align_get_align_summary_data - INFO - [Matrix 55%]		1050 alignments
2015-11-06 08:13:22,682 - phyluce_align_get_align_summary_data - INFO - [Matrix 60%]		1036 alignments
2015-11-06 08:13:22,682 - phyluce_align_get_align_summary_data - INFO - [Matrix 65%]		1021 alignments
2015-11-06 08:13:22,682 - phyluce_align_get_align_summary_data - INFO - [Matrix 70%]		984 alignments
2015-11-06 08:13:22,683 - phyluce_align_get_align_summary_data - INFO - [Matrix 75%]		930 alignments
2015-11-06 08:13:22,683 - phyluce_align_get_align_summary_data - INFO - [Matrix 80%]		835 alignments
2015-11-06 08:13:22,683 - phyluce_align_get_align_summary_data - INFO - [Matrix 85%]		649 alignments
2015-11-06 08:13:22,683 - phyluce_align_get_align_summary_data - INFO - [Matrix 90%]		514 alignments
2015-11-06 08:13:22,683 - phyluce_align_get_align_summary_data - INFO - [Matrix 95%]		240 alignments
2015-11-06 08:13:22,683 - phyluce_align_get_align_summary_data - INFO - ------------------------ Character counts -----------------------
2015-11-06 08:13:22,683 - phyluce_align_get_align_summary_data - INFO - [Characters] '-' is present 306,257 times
2015-11-06 08:13:22,684 - phyluce_align_get_align_summary_data - INFO - [Characters] 'A' is present 5,424,326 times
2015-11-06 08:13:22,684 - phyluce_align_get_align_summary_data - INFO - [Characters] 'C' is present 4,253,925 times
2015-11-06 08:13:22,684 - phyluce_align_get_align_summary_data - INFO - [Characters] 'G' is present 4,303,860 times
2015-11-06 08:13:22,684 - phyluce_align_get_align_summary_data - INFO - [Characters] 'T' is present 5,433,624 times
2015-11-06 08:13:22,684 - phyluce_align_get_align_summary_data - INFO - ========= Completed phyluce_align_get_align_summary_data ========
