2015-11-01 03:06:12,226 - phyluce_assembly_match_contigs_to_probes - INFO - ======= Starting phyluce_assembly_match_contigs_to_probes =======
2015-11-01 03:06:12,226 - phyluce_assembly_match_contigs_to_probes - INFO - Version: 1.5.0
2015-11-01 03:06:12,226 - phyluce_assembly_match_contigs_to_probes - INFO - Argument --contigs: /home/jimmyzheng/JZ_UCE_RUNS/second_try/contigs
2015-11-01 03:06:12,226 - phyluce_assembly_match_contigs_to_probes - INFO - Argument --dupefile: None
2015-11-01 03:06:12,227 - phyluce_assembly_match_contigs_to_probes - INFO - Argument --keep_duplicates: None
2015-11-01 03:06:12,227 - phyluce_assembly_match_contigs_to_probes - INFO - Argument --log_path: None
2015-11-01 03:06:12,227 - phyluce_assembly_match_contigs_to_probes - INFO - Argument --min_coverage: 80
2015-11-01 03:06:12,227 - phyluce_assembly_match_contigs_to_probes - INFO - Argument --min_identity: 80
2015-11-01 03:06:12,228 - phyluce_assembly_match_contigs_to_probes - INFO - Argument --output: /home/jimmyzheng/JZ_UCE_RUNS/uce-search-results
2015-11-01 03:06:12,228 - phyluce_assembly_match_contigs_to_probes - INFO - Argument --probes: /home/jimmyzheng/JZ_UCE_RUNS/uce-1k-probes.fasta
2015-11-01 03:06:12,228 - phyluce_assembly_match_contigs_to_probes - INFO - Argument --regex: ^(uce-\d+)(?:_p\d+.*)
2015-11-01 03:06:12,228 - phyluce_assembly_match_contigs_to_probes - INFO - Argument --verbosity: INFO
2015-11-01 03:06:12,367 - phyluce_assembly_match_contigs_to_probes - INFO - Creating the UCE-match database
2015-11-01 03:06:12,485 - phyluce_assembly_match_contigs_to_probes - INFO - Processing contig data
2015-11-01 03:06:12,485 - phyluce_assembly_match_contigs_to_probes - INFO - -----------------------------------------------------------------
2015-11-01 03:06:33,013 - phyluce_assembly_match_contigs_to_probes - INFO - aristochromis_christiae_ID25: 924 (3.43%) uniques of 26956 contigs, 0 dupe probe matches, 165 UCE loci removed for matching multiple contigs, 128 contigs removed for matching multiple UCE loci
2015-11-01 03:06:49,476 - phyluce_assembly_match_contigs_to_probes - INFO - astatotilapia_burtoni_ID32: 906 (4.95%) uniques of 18311 contigs, 0 dupe probe matches, 203 UCE loci removed for matching multiple contigs, 123 contigs removed for matching multiple UCE loci
2015-11-01 03:07:06,122 - phyluce_assembly_match_contigs_to_probes - INFO - aulonocara_stuartgranti_ID26: 905 (4.96%) uniques of 18247 contigs, 0 dupe probe matches, 196 UCE loci removed for matching multiple contigs, 127 contigs removed for matching multiple UCE loci
2015-11-01 03:07:25,069 - phyluce_assembly_match_contigs_to_probes - INFO - bathybates_minor_ID90: 911 (5.13%) uniques of 17770 contigs, 0 dupe probe matches, 196 UCE loci removed for matching multiple contigs, 125 contigs removed for matching multiple UCE loci
2015-11-01 03:07:39,757 - phyluce_assembly_match_contigs_to_probes - INFO - boulengerochromis_microlepis_ID79: 914 (4.23%) uniques of 21588 contigs, 0 dupe probe matches, 178 UCE loci removed for matching multiple contigs, 132 contigs removed for matching multiple UCE loci
2015-11-01 03:07:54,421 - phyluce_assembly_match_contigs_to_probes - INFO - capidochromis_eucinostomus_ID12: 899 (3.17%) uniques of 28388 contigs, 0 dupe probe matches, 184 UCE loci removed for matching multiple contigs, 140 contigs removed for matching multiple UCE loci
2015-11-01 03:08:09,235 - phyluce_assembly_match_contigs_to_probes - INFO - chalinochromis_brichardi_ID57: 838 (3.30%) uniques of 25378 contigs, 0 dupe probe matches, 273 UCE loci removed for matching multiple contigs, 129 contigs removed for matching multiple UCE loci
2015-11-01 03:08:26,858 - phyluce_assembly_match_contigs_to_probes - INFO - cheilotilapia_euchilus_ID23: 914 (4.37%) uniques of 20909 contigs, 0 dupe probe matches, 187 UCE loci removed for matching multiple contigs, 133 contigs removed for matching multiple UCE loci
2015-11-01 03:08:42,069 - phyluce_assembly_match_contigs_to_probes - INFO - cheilotilapia_rhodessi_ID24: 908 (3.86%) uniques of 23517 contigs, 0 dupe probe matches, 200 UCE loci removed for matching multiple contigs, 129 contigs removed for matching multiple UCE loci
2015-11-01 03:08:56,467 - phyluce_assembly_match_contigs_to_probes - INFO - copadichromis_trimaculatus_ID18: 894 (5.91%) uniques of 15119 contigs, 0 dupe probe matches, 210 UCE loci removed for matching multiple contigs, 126 contigs removed for matching multiple UCE loci
2015-11-01 03:09:09,880 - phyluce_assembly_match_contigs_to_probes - INFO - cyathichromis_obliquidens_ID3: 917 (5.24%) uniques of 17507 contigs, 0 dupe probe matches, 183 UCE loci removed for matching multiple contigs, 124 contigs removed for matching multiple UCE loci
2015-11-01 03:09:23,710 - phyluce_assembly_match_contigs_to_probes - INFO - cyprichromis_pavo_ID84: 910 (5.51%) uniques of 16526 contigs, 0 dupe probe matches, 198 UCE loci removed for matching multiple contigs, 129 contigs removed for matching multiple UCE loci
2015-11-01 03:09:39,031 - phyluce_assembly_match_contigs_to_probes - INFO - docimodus_evelynae_ID10: 901 (4.56%) uniques of 19750 contigs, 0 dupe probe matches, 194 UCE loci removed for matching multiple contigs, 139 contigs removed for matching multiple UCE loci
2015-11-01 03:09:53,228 - phyluce_assembly_match_contigs_to_probes - INFO - ectodus_descampsii_ID55: 904 (4.65%) uniques of 19447 contigs, 0 dupe probe matches, 211 UCE loci removed for matching multiple contigs, 130 contigs removed for matching multiple UCE loci
2015-11-01 03:10:06,500 - phyluce_assembly_match_contigs_to_probes - INFO - eretmodus_cyanostictus_ID82: 918 (4.11%) uniques of 22322 contigs, 0 dupe probe matches, 194 UCE loci removed for matching multiple contigs, 137 contigs removed for matching multiple UCE loci
2015-11-01 03:10:19,154 - phyluce_assembly_match_contigs_to_probes - INFO - fossorichromis_rostratus_ID28: 919 (7.03%) uniques of 13081 contigs, 0 dupe probe matches, 191 UCE loci removed for matching multiple contigs, 132 contigs removed for matching multiple UCE loci
2015-11-01 03:10:32,158 - phyluce_assembly_match_contigs_to_probes - INFO - genyochromis_mento_ID7: 908 (4.40%) uniques of 20619 contigs, 0 dupe probe matches, 170 UCE loci removed for matching multiple contigs, 126 contigs removed for matching multiple UCE loci
2015-11-01 03:10:49,370 - phyluce_assembly_match_contigs_to_probes - INFO - gnathochromis_permaxillaris_ID60: 916 (3.74%) uniques of 24484 contigs, 0 dupe probe matches, 190 UCE loci removed for matching multiple contigs, 133 contigs removed for matching multiple UCE loci
2015-11-01 03:11:02,633 - phyluce_assembly_match_contigs_to_probes - INFO - haplochromis_thereuterion_ID71: 905 (6.80%) uniques of 13303 contigs, 0 dupe probe matches, 193 UCE loci removed for matching multiple contigs, 130 contigs removed for matching multiple UCE loci
2015-11-01 03:11:19,873 - phyluce_assembly_match_contigs_to_probes - INFO - haplotaxodon_microlepis_ID77: 910 (4.83%) uniques of 18835 contigs, 0 dupe probe matches, 194 UCE loci removed for matching multiple contigs, 132 contigs removed for matching multiple UCE loci
2015-11-01 03:11:36,001 - phyluce_assembly_match_contigs_to_probes - INFO - harpagochromis_golden_duck_ID73: 880 (3.96%) uniques of 22229 contigs, 0 dupe probe matches, 222 UCE loci removed for matching multiple contigs, 137 contigs removed for matching multiple UCE loci
2015-11-01 03:11:50,715 - phyluce_assembly_match_contigs_to_probes - INFO - harpagochromis_orange_rock_hunter_ID89: 938 (4.31%) uniques of 21762 contigs, 0 dupe probe matches, 174 UCE loci removed for matching multiple contigs, 130 contigs removed for matching multiple UCE loci
2015-11-01 03:12:03,503 - phyluce_assembly_match_contigs_to_probes - INFO - harpagochromis_serranus_ID87: 928 (4.77%) uniques of 19463 contigs, 0 dupe probe matches, 184 UCE loci removed for matching multiple contigs, 129 contigs removed for matching multiple UCE loci
2015-11-01 03:12:16,580 - phyluce_assembly_match_contigs_to_probes - INFO - harpagochromis_two_stripe_white_lip_ID88: 939 (4.57%) uniques of 20536 contigs, 0 dupe probe matches, 164 UCE loci removed for matching multiple contigs, 138 contigs removed for matching multiple UCE loci
2015-11-01 03:12:33,103 - phyluce_assembly_match_contigs_to_probes - INFO - hemitilapia_oxyrhynchus_ID15: 906 (3.87%) uniques of 23382 contigs, 0 dupe probe matches, 216 UCE loci removed for matching multiple contigs, 143 contigs removed for matching multiple UCE loci
2015-11-01 03:12:46,857 - phyluce_assembly_match_contigs_to_probes - INFO - julidochromis_dickfeldi_ID45: 897 (3.33%) uniques of 26935 contigs, 0 dupe probe matches, 186 UCE loci removed for matching multiple contigs, 128 contigs removed for matching multiple UCE loci
2015-11-01 03:13:04,030 - phyluce_assembly_match_contigs_to_probes - INFO - labeotropheus_fullbornei_ID8: 924 (3.83%) uniques of 24154 contigs, 0 dupe probe matches, 177 UCE loci removed for matching multiple contigs, 131 contigs removed for matching multiple UCE loci
2015-11-01 03:13:22,824 - phyluce_assembly_match_contigs_to_probes - INFO - labeotropheus_trewavase_ID6: 883 (4.35%) uniques of 20291 contigs, 0 dupe probe matches, 211 UCE loci removed for matching multiple contigs, 136 contigs removed for matching multiple UCE loci
2015-11-01 03:13:37,389 - phyluce_assembly_match_contigs_to_probes - INFO - labidochromis_gigas_ID30: 908 (5.55%) uniques of 16365 contigs, 0 dupe probe matches, 195 UCE loci removed for matching multiple contigs, 128 contigs removed for matching multiple UCE loci
2015-11-01 03:13:52,727 - phyluce_assembly_match_contigs_to_probes - INFO - lamprologus_callipterus_ID56: 892 (3.76%) uniques of 23718 contigs, 0 dupe probe matches, 202 UCE loci removed for matching multiple contigs, 129 contigs removed for matching multiple UCE loci
2015-11-01 03:14:07,197 - phyluce_assembly_match_contigs_to_probes - INFO - lamprologus_signatus_ID70: 926 (4.38%) uniques of 21142 contigs, 0 dupe probe matches, 167 UCE loci removed for matching multiple contigs, 130 contigs removed for matching multiple UCE loci
2015-11-01 03:14:22,744 - phyluce_assembly_match_contigs_to_probes - INFO - lamprologus_speciosus_ID65: 907 (5.99%) uniques of 15151 contigs, 0 dupe probe matches, 189 UCE loci removed for matching multiple contigs, 128 contigs removed for matching multiple UCE loci
2015-11-01 03:14:44,400 - phyluce_assembly_match_contigs_to_probes - INFO - lepidiolamprologus_attenuatus_ID47: 897 (2.89%) uniques of 31038 contigs, 0 dupe probe matches, 213 UCE loci removed for matching multiple contigs, 143 contigs removed for matching multiple UCE loci
2015-11-01 03:15:05,091 - phyluce_assembly_match_contigs_to_probes - INFO - lepidiolamprologus_boulengeri_ID36: 895 (3.43%) uniques of 26128 contigs, 0 dupe probe matches, 192 UCE loci removed for matching multiple contigs, 135 contigs removed for matching multiple UCE loci
2015-11-01 03:15:19,362 - phyluce_assembly_match_contigs_to_probes - INFO - lepidiolamprologus_hecqui_ID58: 890 (5.49%) uniques of 16208 contigs, 0 dupe probe matches, 230 UCE loci removed for matching multiple contigs, 134 contigs removed for matching multiple UCE loci
2015-11-01 03:15:34,058 - phyluce_assembly_match_contigs_to_probes - INFO - lepidiolamprologus_leimairii_ID69: 918 (4.57%) uniques of 20071 contigs, 0 dupe probe matches, 191 UCE loci removed for matching multiple contigs, 139 contigs removed for matching multiple UCE loci
2015-11-01 03:15:45,704 - phyluce_assembly_match_contigs_to_probes - INFO - lepidiolamprologus_meeli_kipili_ID40: 890 (8.59%) uniques of 10365 contigs, 0 dupe probe matches, 226 UCE loci removed for matching multiple contigs, 125 contigs removed for matching multiple UCE loci
2015-11-01 03:16:01,685 - phyluce_assembly_match_contigs_to_probes - INFO - lepidiolamprologus_nkambae_ID41: 920 (3.38%) uniques of 27224 contigs, 0 dupe probe matches, 160 UCE loci removed for matching multiple contigs, 132 contigs removed for matching multiple UCE loci
2015-11-01 03:16:14,638 - phyluce_assembly_match_contigs_to_probes - INFO - lepidiolamprologus_profundicola_ID76: 921 (3.76%) uniques of 24527 contigs, 0 dupe probe matches, 169 UCE loci removed for matching multiple contigs, 140 contigs removed for matching multiple UCE loci
2015-11-01 03:16:31,701 - phyluce_assembly_match_contigs_to_probes - INFO - lepidolamprologus_elongatus_ID34: 911 (3.05%) uniques of 29914 contigs, 0 dupe probe matches, 180 UCE loci removed for matching multiple contigs, 137 contigs removed for matching multiple UCE loci
2015-11-01 03:16:46,582 - phyluce_assembly_match_contigs_to_probes - INFO - limnochromis_auritus_ID38: 913 (4.20%) uniques of 21723 contigs, 0 dupe probe matches, 205 UCE loci removed for matching multiple contigs, 141 contigs removed for matching multiple UCE loci
2015-11-01 03:17:00,490 - phyluce_assembly_match_contigs_to_probes - INFO - lipochromis_parvidens_ID74: 923 (5.60%) uniques of 16477 contigs, 0 dupe probe matches, 176 UCE loci removed for matching multiple contigs, 132 contigs removed for matching multiple UCE loci
2015-11-01 03:17:17,186 - phyluce_assembly_match_contigs_to_probes - INFO - melanochromis_auratus_ID4: 899 (3.93%) uniques of 22865 contigs, 0 dupe probe matches, 210 UCE loci removed for matching multiple contigs, 133 contigs removed for matching multiple UCE loci
2015-11-01 03:17:32,502 - phyluce_assembly_match_contigs_to_probes - INFO - melanochromis_kaskazini_ID33: 900 (4.30%) uniques of 20940 contigs, 0 dupe probe matches, 203 UCE loci removed for matching multiple contigs, 131 contigs removed for matching multiple UCE loci
2015-11-01 03:17:45,363 - phyluce_assembly_match_contigs_to_probes - INFO - metriaclima_greshakae_ID11: 900 (4.17%) uniques of 21586 contigs, 0 dupe probe matches, 211 UCE loci removed for matching multiple contigs, 141 contigs removed for matching multiple UCE loci
2015-11-01 03:17:59,275 - phyluce_assembly_match_contigs_to_probes - INFO - metriaclima_patricki_ID22: 904 (4.17%) uniques of 21662 contigs, 0 dupe probe matches, 207 UCE loci removed for matching multiple contigs, 135 contigs removed for matching multiple UCE loci
2015-11-01 03:18:10,895 - phyluce_assembly_match_contigs_to_probes - INFO - neolamprologus_bifasciatus_ID80: 930 (8.02%) uniques of 11598 contigs, 0 dupe probe matches, 177 UCE loci removed for matching multiple contigs, 132 contigs removed for matching multiple UCE loci
2015-11-01 03:18:30,786 - phyluce_assembly_match_contigs_to_probes - INFO - neolamprologus_brichardi_ID50: 910 (5.22%) uniques of 17439 contigs, 0 dupe probe matches, 182 UCE loci removed for matching multiple contigs, 133 contigs removed for matching multiple UCE loci
2015-11-01 03:18:43,788 - phyluce_assembly_match_contigs_to_probes - INFO - neolamprologus_cylindricus_ID68: 908 (8.02%) uniques of 11315 contigs, 0 dupe probe matches, 192 UCE loci removed for matching multiple contigs, 127 contigs removed for matching multiple UCE loci
2015-11-01 03:18:57,551 - phyluce_assembly_match_contigs_to_probes - INFO - neolamprologus_fasciatus_ID86: 910 (5.18%) uniques of 17564 contigs, 0 dupe probe matches, 187 UCE loci removed for matching multiple contigs, 131 contigs removed for matching multiple UCE loci
2015-11-01 03:19:12,063 - phyluce_assembly_match_contigs_to_probes - INFO - neolamprologus_furcifer_ID66: 923 (7.10%) uniques of 12991 contigs, 0 dupe probe matches, 182 UCE loci removed for matching multiple contigs, 130 contigs removed for matching multiple UCE loci
2015-11-01 03:19:30,045 - phyluce_assembly_match_contigs_to_probes - INFO - neolamprologus_helianthus_ID83: 893 (3.59%) uniques of 24877 contigs, 0 dupe probe matches, 201 UCE loci removed for matching multiple contigs, 135 contigs removed for matching multiple UCE loci
2015-11-01 03:19:43,647 - phyluce_assembly_match_contigs_to_probes - INFO - neolamprologus_longicaudata_ID54: 919 (6.59%) uniques of 13942 contigs, 0 dupe probe matches, 190 UCE loci removed for matching multiple contigs, 125 contigs removed for matching multiple UCE loci
2015-11-01 03:19:55,508 - phyluce_assembly_match_contigs_to_probes - INFO - neolamprologus_longior_ID35: 912 (6.79%) uniques of 13425 contigs, 0 dupe probe matches, 178 UCE loci removed for matching multiple contigs, 130 contigs removed for matching multiple UCE loci
2015-11-01 03:20:07,046 - phyluce_assembly_match_contigs_to_probes - INFO - neolamprologus_modestus_ID61: 910 (7.79%) uniques of 11684 contigs, 0 dupe probe matches, 207 UCE loci removed for matching multiple contigs, 130 contigs removed for matching multiple UCE loci
2015-11-01 03:20:24,260 - phyluce_assembly_match_contigs_to_probes - INFO - neolamprologus_niger_ID59: 895 (4.44%) uniques of 20143 contigs, 0 dupe probe matches, 218 UCE loci removed for matching multiple contigs, 140 contigs removed for matching multiple UCE loci
2015-11-01 03:20:39,365 - phyluce_assembly_match_contigs_to_probes - INFO - neolamprologus_nigriventer_ID67: 934 (7.29%) uniques of 12815 contigs, 0 dupe probe matches, 164 UCE loci removed for matching multiple contigs, 127 contigs removed for matching multiple UCE loci
2015-11-01 03:20:50,725 - phyluce_assembly_match_contigs_to_probes - INFO - neolamprologus_obscurus_ID53: 890 (9.00%) uniques of 9885 contigs, 0 dupe probe matches, 216 UCE loci removed for matching multiple contigs, 125 contigs removed for matching multiple UCE loci
2015-11-01 03:21:04,412 - phyluce_assembly_match_contigs_to_probes - INFO - neolamprologus_olivaceous_ID85: 911 (6.65%) uniques of 13700 contigs, 0 dupe probe matches, 201 UCE loci removed for matching multiple contigs, 125 contigs removed for matching multiple UCE loci
2015-11-01 03:21:20,898 - phyluce_assembly_match_contigs_to_probes - INFO - neolamprologus_prochilus_ID51: 904 (4.73%) uniques of 19112 contigs, 0 dupe probe matches, 191 UCE loci removed for matching multiple contigs, 124 contigs removed for matching multiple UCE loci
2015-11-01 03:21:36,570 - phyluce_assembly_match_contigs_to_probes - INFO - neolamprologus_pulcher_ID42: 917 (5.83%) uniques of 15739 contigs, 0 dupe probe matches, 192 UCE loci removed for matching multiple contigs, 119 contigs removed for matching multiple UCE loci
2015-11-01 03:21:52,407 - phyluce_assembly_match_contigs_to_probes - INFO - neolamprologus_savoryi_ID39: 908 (4.77%) uniques of 19021 contigs, 0 dupe probe matches, 183 UCE loci removed for matching multiple contigs, 132 contigs removed for matching multiple UCE loci
2015-11-01 03:22:06,456 - phyluce_assembly_match_contigs_to_probes - INFO - neolamprologus_sexfasciatus_ID63: 949 (6.29%) uniques of 15090 contigs, 0 dupe probe matches, 162 UCE loci removed for matching multiple contigs, 131 contigs removed for matching multiple UCE loci
2015-11-01 03:22:23,325 - phyluce_assembly_match_contigs_to_probes - INFO - neolamprologus_tetracanthus_ID46: 913 (6.04%) uniques of 15113 contigs, 0 dupe probe matches, 184 UCE loci removed for matching multiple contigs, 129 contigs removed for matching multiple UCE loci
2015-11-01 03:22:37,052 - phyluce_assembly_match_contigs_to_probes - INFO - neolamprologus_walteri_ID52: 899 (5.80%) uniques of 15503 contigs, 0 dupe probe matches, 200 UCE loci removed for matching multiple contigs, 128 contigs removed for matching multiple UCE loci
2015-11-01 03:22:54,032 - phyluce_assembly_match_contigs_to_probes - INFO - nimbochromis_polystigma_ID2: 917 (4.16%) uniques of 22045 contigs, 0 dupe probe matches, 179 UCE loci removed for matching multiple contigs, 132 contigs removed for matching multiple UCE loci
2015-11-01 03:23:08,429 - phyluce_assembly_match_contigs_to_probes - INFO - ophthalmotilapia_boops_ID44: 861 (3.61%) uniques of 23867 contigs, 0 dupe probe matches, 228 UCE loci removed for matching multiple contigs, 130 contigs removed for matching multiple UCE loci
2015-11-01 03:23:24,174 - phyluce_assembly_match_contigs_to_probes - INFO - ophthalmotilapia_nasuta_ID37: 889 (4.39%) uniques of 20263 contigs, 0 dupe probe matches, 198 UCE loci removed for matching multiple contigs, 124 contigs removed for matching multiple UCE loci
2015-11-01 03:23:39,871 - phyluce_assembly_match_contigs_to_probes - INFO - otopharynx_heterodon_ID13: 901 (4.55%) uniques of 19806 contigs, 0 dupe probe matches, 210 UCE loci removed for matching multiple contigs, 135 contigs removed for matching multiple UCE loci
2015-11-01 03:23:57,384 - phyluce_assembly_match_contigs_to_probes - INFO - otopharynx_lithobates_ID16: 918 (5.24%) uniques of 17519 contigs, 0 dupe probe matches, 183 UCE loci removed for matching multiple contigs, 127 contigs removed for matching multiple UCE loci
2015-11-01 03:24:16,025 - phyluce_assembly_match_contigs_to_probes - INFO - otopharynx_picta_ID14: 926 (5.39%) uniques of 17170 contigs, 0 dupe probe matches, 183 UCE loci removed for matching multiple contigs, 128 contigs removed for matching multiple UCE loci
2015-11-01 03:24:30,768 - phyluce_assembly_match_contigs_to_probes - INFO - petrotilapia_nigra_ID9: 913 (4.13%) uniques of 22109 contigs, 0 dupe probe matches, 185 UCE loci removed for matching multiple contigs, 138 contigs removed for matching multiple UCE loci
2015-11-01 03:24:44,873 - phyluce_assembly_match_contigs_to_probes - INFO - placidochromis_electra_ID21: 900 (4.26%) uniques of 21113 contigs, 0 dupe probe matches, 186 UCE loci removed for matching multiple contigs, 126 contigs removed for matching multiple UCE loci
2015-11-01 03:24:58,358 - phyluce_assembly_match_contigs_to_probes - INFO - placidochromis_milomo_ID17: 927 (5.61%) uniques of 16521 contigs, 0 dupe probe matches, 169 UCE loci removed for matching multiple contigs, 128 contigs removed for matching multiple UCE loci
2015-11-01 03:25:13,870 - phyluce_assembly_match_contigs_to_probes - INFO - prognathochromis_perrieri_ID49: 930 (4.07%) uniques of 22852 contigs, 0 dupe probe matches, 161 UCE loci removed for matching multiple contigs, 131 contigs removed for matching multiple UCE loci
2015-11-01 03:25:28,284 - phyluce_assembly_match_contigs_to_probes - INFO - psedotropheus_crabro_ID27: 921 (5.43%) uniques of 16946 contigs, 0 dupe probe matches, 186 UCE loci removed for matching multiple contigs, 132 contigs removed for matching multiple UCE loci
2015-11-01 03:25:41,681 - phyluce_assembly_match_contigs_to_probes - INFO - pseudotropheus_flavus_ID19: 910 (4.53%) uniques of 20085 contigs, 0 dupe probe matches, 189 UCE loci removed for matching multiple contigs, 130 contigs removed for matching multiple UCE loci
2015-11-01 03:25:58,832 - phyluce_assembly_match_contigs_to_probes - INFO - ptyochromis_cf_ID72: 930 (5.91%) uniques of 15724 contigs, 0 dupe probe matches, 178 UCE loci removed for matching multiple contigs, 129 contigs removed for matching multiple UCE loci
2015-11-01 03:26:14,062 - phyluce_assembly_match_contigs_to_probes - INFO - pundamila_pundamila_ID75: 908 (4.44%) uniques of 20461 contigs, 0 dupe probe matches, 203 UCE loci removed for matching multiple contigs, 133 contigs removed for matching multiple UCE loci
2015-11-01 11:33:50,347 - phyluce_assembly_match_contigs_to_probes - INFO - ======= Starting phyluce_assembly_match_contigs_to_probes =======
2015-11-01 11:33:50,348 - phyluce_assembly_match_contigs_to_probes - INFO - Version: 1.5.0
2015-11-01 11:33:50,348 - phyluce_assembly_match_contigs_to_probes - INFO - Argument --contigs: /home/jimmyzheng/JZ_UCE_RUNS/second_try/contigs
2015-11-01 11:33:50,348 - phyluce_assembly_match_contigs_to_probes - INFO - Argument --dupefile: None
2015-11-01 11:33:50,348 - phyluce_assembly_match_contigs_to_probes - INFO - Argument --keep_duplicates: None
2015-11-01 11:33:50,348 - phyluce_assembly_match_contigs_to_probes - INFO - Argument --log_path: None
2015-11-01 11:33:50,348 - phyluce_assembly_match_contigs_to_probes - INFO - Argument --min_coverage: 80
2015-11-01 11:33:50,349 - phyluce_assembly_match_contigs_to_probes - INFO - Argument --min_identity: 80
2015-11-01 11:33:50,349 - phyluce_assembly_match_contigs_to_probes - INFO - Argument --output: /home/jimmyzheng/JZ_UCE_RUNS/uce-search-results
2015-11-01 11:33:50,349 - phyluce_assembly_match_contigs_to_probes - INFO - Argument --probes: /home/jimmyzheng/JZ_UCE_RUNS/uce-1k-probes.fasta
2015-11-01 11:33:50,349 - phyluce_assembly_match_contigs_to_probes - INFO - Argument --regex: ^(uce-\d+)(?:_p\d+.*)
2015-11-01 11:33:50,349 - phyluce_assembly_match_contigs_to_probes - INFO - Argument --verbosity: INFO
2015-11-01 11:34:04,756 - phyluce_assembly_match_contigs_to_probes - INFO - ======= Starting phyluce_assembly_match_contigs_to_probes =======
2015-11-01 11:34:04,757 - phyluce_assembly_match_contigs_to_probes - INFO - Version: 1.5.0
2015-11-01 11:34:04,757 - phyluce_assembly_match_contigs_to_probes - INFO - Argument --contigs: /home/jimmyzheng/JZ_UCE_RUNS/second_try/contigs
2015-11-01 11:34:04,758 - phyluce_assembly_match_contigs_to_probes - INFO - Argument --dupefile: None
2015-11-01 11:34:04,758 - phyluce_assembly_match_contigs_to_probes - INFO - Argument --keep_duplicates: None
2015-11-01 11:34:04,758 - phyluce_assembly_match_contigs_to_probes - INFO - Argument --log_path: None
2015-11-01 11:34:04,758 - phyluce_assembly_match_contigs_to_probes - INFO - Argument --min_coverage: 80
2015-11-01 11:34:04,759 - phyluce_assembly_match_contigs_to_probes - INFO - Argument --min_identity: 80
2015-11-01 11:34:04,759 - phyluce_assembly_match_contigs_to_probes - INFO - Argument --output: /home/jimmyzheng/JZ_UCE_RUNS/uce-search-results
2015-11-01 11:34:04,759 - phyluce_assembly_match_contigs_to_probes - INFO - Argument --probes: /home/jimmyzheng/JZ_UCE_RUNS/uce-1k-probes.fasta
2015-11-01 11:34:04,759 - phyluce_assembly_match_contigs_to_probes - INFO - Argument --regex: ^(uce-\d+)(?:_p\d+.*)
2015-11-01 11:34:04,760 - phyluce_assembly_match_contigs_to_probes - INFO - Argument --verbosity: INFO
2015-11-01 11:34:04,858 - phyluce_assembly_match_contigs_to_probes - INFO - Creating the UCE-match database
2015-11-01 11:34:05,033 - phyluce_assembly_match_contigs_to_probes - INFO - Processing contig data
2015-11-01 11:34:05,033 - phyluce_assembly_match_contigs_to_probes - INFO - -----------------------------------------------------------------
2015-11-01 11:34:15,373 - phyluce_assembly_match_contigs_to_probes - INFO - aristochromis_christiae_ID25: 924 (3.43%) uniques of 26956 contigs, 0 dupe probe matches, 165 UCE loci removed for matching multiple contigs, 128 contigs removed for matching multiple UCE loci
2015-11-01 11:34:26,000 - phyluce_assembly_match_contigs_to_probes - INFO - astatotilapia_burtoni_ID32: 906 (4.95%) uniques of 18311 contigs, 0 dupe probe matches, 203 UCE loci removed for matching multiple contigs, 123 contigs removed for matching multiple UCE loci
2015-11-01 11:34:35,809 - phyluce_assembly_match_contigs_to_probes - INFO - aulonocara_stuartgranti_ID26: 905 (4.96%) uniques of 18247 contigs, 0 dupe probe matches, 196 UCE loci removed for matching multiple contigs, 127 contigs removed for matching multiple UCE loci
2015-11-01 11:34:46,646 - phyluce_assembly_match_contigs_to_probes - INFO - bathybates_minor_ID90: 911 (5.13%) uniques of 17770 contigs, 0 dupe probe matches, 196 UCE loci removed for matching multiple contigs, 125 contigs removed for matching multiple UCE loci
2015-11-01 11:34:56,755 - phyluce_assembly_match_contigs_to_probes - INFO - boulengerochromis_microlepis_ID79: 914 (4.23%) uniques of 21588 contigs, 0 dupe probe matches, 178 UCE loci removed for matching multiple contigs, 132 contigs removed for matching multiple UCE loci
