2015-11-01 11:55:07,680 - phyluce_assembly_get_match_counts - INFO - =========== Starting phyluce_assembly_get_match_counts ==========
2015-11-01 11:55:07,681 - phyluce_assembly_get_match_counts - INFO - Version: 1.5.0
2015-11-01 11:55:07,681 - phyluce_assembly_get_match_counts - INFO - Argument --extend_locus_db: /home/jimmyzheng/JZ_UCE_RUNS/uce-1k-probe-set/uce-search-results/probe.matches.sqlite
2015-11-01 11:55:07,681 - phyluce_assembly_get_match_counts - INFO - Argument --incomplete_matrix: True
2015-11-01 11:55:07,681 - phyluce_assembly_get_match_counts - INFO - Argument --keep_counts: False
2015-11-01 11:55:07,682 - phyluce_assembly_get_match_counts - INFO - Argument --locus_db: /home/jimmyzheng/JZ_UCE_RUNS/uce-search-results/probe.matches.sqlite
2015-11-01 11:55:07,682 - phyluce_assembly_get_match_counts - INFO - Argument --log_path: None
2015-11-01 11:55:07,682 - phyluce_assembly_get_match_counts - INFO - Argument --optimize: False
2015-11-01 11:55:07,682 - phyluce_assembly_get_match_counts - INFO - Argument --output: /home/jimmyzheng/JZ_UCE_RUNS/taxon-sets2/all/extension.conf
2015-11-01 11:55:07,682 - phyluce_assembly_get_match_counts - INFO - Argument --random: False
2015-11-01 11:55:07,683 - phyluce_assembly_get_match_counts - INFO - Argument --sample_size: 10
2015-11-01 11:55:07,683 - phyluce_assembly_get_match_counts - INFO - Argument --samples: 10
2015-11-01 11:55:07,683 - phyluce_assembly_get_match_counts - INFO - Argument --silent: False
2015-11-01 11:55:07,683 - phyluce_assembly_get_match_counts - INFO - Argument --taxon_group: extended
2015-11-01 11:55:07,683 - phyluce_assembly_get_match_counts - INFO - Argument --taxon_list_config: /home/jimmyzheng/JZ_UCE_RUNS/taxon-set.conf
2015-11-01 11:55:07,684 - phyluce_assembly_get_match_counts - INFO - Argument --verbosity: INFO
2015-11-01 11:55:07,685 - phyluce_assembly_get_match_counts - INFO - Attaching extended database probe.matches.sqlite
2015-11-01 11:55:07,687 - phyluce_assembly_get_match_counts - INFO - There are 35 taxa in the taxon-group '[extended]' in the config file taxon-set.conf
2015-11-01 11:55:07,687 - phyluce_assembly_get_match_counts - INFO - Getting UCE names from database
2015-11-01 11:55:07,690 - phyluce_assembly_get_match_counts - INFO - There are 1314 total UCE loci in the database
2015-11-01 11:55:08,087 - phyluce_assembly_get_match_counts - INFO - Getting UCE matches by organism to generate a INCOMPLETE matrix
2015-11-01 11:55:08,092 - phyluce_assembly_get_match_counts - INFO - There are 1105 UCE loci in an INCOMPLETE matrix
2015-11-01 11:55:08,093 - phyluce_assembly_get_match_counts - INFO - Writing the taxa and loci in the data matrix to /home/jimmyzheng/JZ_UCE_RUNS/taxon-sets2/all/extension.conf
2015-11-01 11:56:45,632 - phyluce_assembly_get_match_counts - INFO - =========== Starting phyluce_assembly_get_match_counts ==========
2015-11-01 11:56:45,632 - phyluce_assembly_get_match_counts - INFO - Version: 1.5.0
2015-11-01 11:56:45,632 - phyluce_assembly_get_match_counts - INFO - Argument --extend_locus_db: /home/jimmyzheng/JZ_UCE_RUNS/uce-1k-probe-set/uce-search-results/probe.matches.sqlite
2015-11-01 11:56:45,633 - phyluce_assembly_get_match_counts - INFO - Argument --incomplete_matrix: True
2015-11-01 11:56:45,633 - phyluce_assembly_get_match_counts - INFO - Argument --keep_counts: False
2015-11-01 11:56:45,633 - phyluce_assembly_get_match_counts - INFO - Argument --locus_db: /home/jimmyzheng/JZ_UCE_RUNS/uce-search-results/probe.matches.sqlite
2015-11-01 11:56:45,633 - phyluce_assembly_get_match_counts - INFO - Argument --log_path: None
2015-11-01 11:56:45,633 - phyluce_assembly_get_match_counts - INFO - Argument --optimize: False
2015-11-01 11:56:45,634 - phyluce_assembly_get_match_counts - INFO - Argument --output: /home/jimmyzheng/JZ_UCE_RUNS/taxon-sets/extended/all-taxa-incomplete.conf
2015-11-01 11:56:45,634 - phyluce_assembly_get_match_counts - INFO - Argument --random: False
2015-11-01 11:56:45,634 - phyluce_assembly_get_match_counts - INFO - Argument --sample_size: 10
2015-11-01 11:56:45,634 - phyluce_assembly_get_match_counts - INFO - Argument --samples: 10
2015-11-01 11:56:45,635 - phyluce_assembly_get_match_counts - INFO - Argument --silent: False
2015-11-01 11:56:45,635 - phyluce_assembly_get_match_counts - INFO - Argument --taxon_group: extended
2015-11-01 11:56:45,635 - phyluce_assembly_get_match_counts - INFO - Argument --taxon_list_config: /home/jimmyzheng/JZ_UCE_RUNS/taxon-set.conf
2015-11-01 11:56:45,635 - phyluce_assembly_get_match_counts - INFO - Argument --verbosity: INFO
2015-11-01 11:56:45,637 - phyluce_assembly_get_match_counts - INFO - Attaching extended database probe.matches.sqlite
2015-11-01 11:56:45,638 - phyluce_assembly_get_match_counts - INFO - There are 35 taxa in the taxon-group '[extended]' in the config file taxon-set.conf
2015-11-01 11:56:45,639 - phyluce_assembly_get_match_counts - INFO - Getting UCE names from database
2015-11-01 11:56:45,641 - phyluce_assembly_get_match_counts - INFO - There are 1314 total UCE loci in the database
2015-11-01 11:56:46,040 - phyluce_assembly_get_match_counts - INFO - Getting UCE matches by organism to generate a INCOMPLETE matrix
2015-11-01 11:56:46,045 - phyluce_assembly_get_match_counts - INFO - There are 1105 UCE loci in an INCOMPLETE matrix
2015-11-01 11:56:46,046 - phyluce_assembly_get_match_counts - INFO - Writing the taxa and loci in the data matrix to /home/jimmyzheng/JZ_UCE_RUNS/taxon-sets/extended/all-taxa-incomplete.conf
2015-11-01 11:56:46,047 - phyluce_assembly_get_match_counts - INFO - ========== Completed phyluce_assembly_get_match_counts ==========
2015-11-01 12:57:13,925 - phyluce_assembly_get_match_counts - INFO - =========== Starting phyluce_assembly_get_match_counts ==========
2015-11-01 12:57:13,926 - phyluce_assembly_get_match_counts - INFO - Version: 1.5.0
2015-11-01 12:57:13,926 - phyluce_assembly_get_match_counts - INFO - Argument --extend_locus_db: /home/jimmyzheng/JZ_UCE_RUNS/uce-1k-probe-set/uce-search-results/probe.matches.sqlite
2015-11-01 12:57:13,926 - phyluce_assembly_get_match_counts - INFO - Argument --incomplete_matrix: True
2015-11-01 12:57:13,926 - phyluce_assembly_get_match_counts - INFO - Argument --keep_counts: False
2015-11-01 12:57:13,926 - phyluce_assembly_get_match_counts - INFO - Argument --locus_db: /home/jimmyzheng/JZ_UCE_RUNS/uce-search-results/probe.matches.sqlite
2015-11-01 12:57:13,926 - phyluce_assembly_get_match_counts - INFO - Argument --log_path: None
2015-11-01 12:57:13,926 - phyluce_assembly_get_match_counts - INFO - Argument --optimize: False
2015-11-01 12:57:13,926 - phyluce_assembly_get_match_counts - INFO - Argument --output: /home/jimmyzheng/JZ_UCE_RUNS/taxon-sets/shortened/all-taxa-incomplete.conf
2015-11-01 12:57:13,927 - phyluce_assembly_get_match_counts - INFO - Argument --random: False
2015-11-01 12:57:13,927 - phyluce_assembly_get_match_counts - INFO - Argument --sample_size: 10
2015-11-01 12:57:13,927 - phyluce_assembly_get_match_counts - INFO - Argument --samples: 10
2015-11-01 12:57:13,927 - phyluce_assembly_get_match_counts - INFO - Argument --silent: False
2015-11-01 12:57:13,927 - phyluce_assembly_get_match_counts - INFO - Argument --taxon_group: shortened
2015-11-01 12:57:13,927 - phyluce_assembly_get_match_counts - INFO - Argument --taxon_list_config: /home/jimmyzheng/JZ_UCE_RUNS/taxon-set.conf
2015-11-01 12:57:13,927 - phyluce_assembly_get_match_counts - INFO - Argument --verbosity: INFO
2015-11-01 12:57:13,928 - phyluce_assembly_get_match_counts - INFO - Attaching extended database probe.matches.sqlite
2015-11-01 12:57:13,930 - phyluce_assembly_get_match_counts - INFO - There are 19 taxa in the taxon-group '[shortened]' in the config file taxon-set.conf
2015-11-01 12:57:13,930 - phyluce_assembly_get_match_counts - INFO - Getting UCE names from database
2015-11-01 12:57:13,932 - phyluce_assembly_get_match_counts - INFO - There are 1314 total UCE loci in the database
2015-11-01 12:57:14,641 - phyluce_assembly_get_match_counts - INFO - Getting UCE matches by organism to generate a INCOMPLETE matrix
2015-11-01 12:57:14,664 - phyluce_assembly_get_match_counts - INFO - There are 1098 UCE loci in an INCOMPLETE matrix
2015-11-01 12:57:14,676 - phyluce_assembly_get_match_counts - INFO - Writing the taxa and loci in the data matrix to /home/jimmyzheng/JZ_UCE_RUNS/taxon-sets/shortened/all-taxa-incomplete.conf
2015-11-01 12:57:14,679 - phyluce_assembly_get_match_counts - INFO - ========== Completed phyluce_assembly_get_match_counts ==========
2015-11-03 15:21:51,459 - phyluce_assembly_get_match_counts - INFO - =========== Starting phyluce_assembly_get_match_counts ==========
2015-11-03 15:21:51,460 - phyluce_assembly_get_match_counts - INFO - Version: 1.5.0
2015-11-03 15:21:51,460 - phyluce_assembly_get_match_counts - INFO - Argument --extend_locus_db: /home/jimmyzheng/JZ_UCE_RUNS/uce-1k-probe-set-o-niloticus/uce-search-results/probe.matches.sqlite
2015-11-03 15:21:51,460 - phyluce_assembly_get_match_counts - INFO - Argument --incomplete_matrix: True
2015-11-03 15:21:51,460 - phyluce_assembly_get_match_counts - INFO - Argument --keep_counts: False
2015-11-03 15:21:51,461 - phyluce_assembly_get_match_counts - INFO - Argument --locus_db: /home/jimmyzheng/JZ_UCE_RUNS/uce-search-results/probe.matches.sqlite
2015-11-03 15:21:51,461 - phyluce_assembly_get_match_counts - INFO - Argument --log_path: None
2015-11-03 15:21:51,461 - phyluce_assembly_get_match_counts - INFO - Argument --optimize: False
2015-11-03 15:21:51,462 - phyluce_assembly_get_match_counts - INFO - Argument --output: /home/jimmyzheng/JZ_UCE_RUNS/taxon-sets/full/all-taxa-incomplete.conf
2015-11-03 15:21:51,462 - phyluce_assembly_get_match_counts - INFO - Argument --random: False
2015-11-03 15:21:51,462 - phyluce_assembly_get_match_counts - INFO - Argument --sample_size: 10
2015-11-03 15:21:51,462 - phyluce_assembly_get_match_counts - INFO - Argument --samples: 10
2015-11-03 15:21:51,462 - phyluce_assembly_get_match_counts - INFO - Argument --silent: False
2015-11-03 15:21:51,463 - phyluce_assembly_get_match_counts - INFO - Argument --taxon_group: full
2015-11-03 15:21:51,463 - phyluce_assembly_get_match_counts - INFO - Argument --taxon_list_config: /home/jimmyzheng/JZ_UCE_RUNS/taxon-set.conf
2015-11-03 15:21:51,463 - phyluce_assembly_get_match_counts - INFO - Argument --verbosity: INFO
2015-11-03 15:21:51,469 - phyluce_assembly_get_match_counts - INFO - Attaching extended database probe.matches.sqlite
2015-11-03 15:21:51,471 - phyluce_assembly_get_match_counts - INFO - There are 57 taxa in the taxon-group '[full]' in the config file taxon-set.conf
2015-11-03 15:21:51,471 - phyluce_assembly_get_match_counts - INFO - Getting UCE names from database
2015-11-03 15:21:51,489 - phyluce_assembly_get_match_counts - INFO - There are 1314 total UCE loci in the database
2015-11-03 15:21:53,554 - phyluce_assembly_get_match_counts - INFO - Getting UCE matches by organism to generate a INCOMPLETE matrix
2015-11-03 15:21:53,582 - phyluce_assembly_get_match_counts - INFO - There are 1122 UCE loci in an INCOMPLETE matrix
2015-11-03 15:21:53,591 - phyluce_assembly_get_match_counts - INFO - Writing the taxa and loci in the data matrix to /home/jimmyzheng/JZ_UCE_RUNS/taxon-sets/full/all-taxa-incomplete.conf
2015-11-03 15:22:09,372 - phyluce_assembly_get_match_counts - INFO - =========== Starting phyluce_assembly_get_match_counts ==========
2015-11-03 15:22:09,372 - phyluce_assembly_get_match_counts - INFO - Version: 1.5.0
2015-11-03 15:22:09,372 - phyluce_assembly_get_match_counts - INFO - Argument --extend_locus_db: /home/jimmyzheng/JZ_UCE_RUNS/uce-1k-probe-set-o-niloticus/uce-search-results/probe.matches.sqlite
2015-11-03 15:22:09,373 - phyluce_assembly_get_match_counts - INFO - Argument --incomplete_matrix: True
2015-11-03 15:22:09,373 - phyluce_assembly_get_match_counts - INFO - Argument --keep_counts: False
2015-11-03 15:22:09,373 - phyluce_assembly_get_match_counts - INFO - Argument --locus_db: /home/jimmyzheng/JZ_UCE_RUNS/uce-search-results/probe.matches.sqlite
2015-11-03 15:22:09,373 - phyluce_assembly_get_match_counts - INFO - Argument --log_path: None
2015-11-03 15:22:09,373 - phyluce_assembly_get_match_counts - INFO - Argument --optimize: False
2015-11-03 15:22:09,373 - phyluce_assembly_get_match_counts - INFO - Argument --output: /home/jimmyzheng/JZ_UCE_RUNS/taxon-sets/full/all-taxa-incomplete.conf
2015-11-03 15:22:09,374 - phyluce_assembly_get_match_counts - INFO - Argument --random: False
2015-11-03 15:22:09,374 - phyluce_assembly_get_match_counts - INFO - Argument --sample_size: 10
2015-11-03 15:22:09,374 - phyluce_assembly_get_match_counts - INFO - Argument --samples: 10
2015-11-03 15:22:09,374 - phyluce_assembly_get_match_counts - INFO - Argument --silent: False
2015-11-03 15:22:09,374 - phyluce_assembly_get_match_counts - INFO - Argument --taxon_group: full
2015-11-03 15:22:09,374 - phyluce_assembly_get_match_counts - INFO - Argument --taxon_list_config: /home/jimmyzheng/JZ_UCE_RUNS/taxon-set.conf
2015-11-03 15:22:09,375 - phyluce_assembly_get_match_counts - INFO - Argument --verbosity: INFO
2015-11-03 15:22:09,379 - phyluce_assembly_get_match_counts - INFO - Attaching extended database probe.matches.sqlite
2015-11-03 15:22:09,383 - phyluce_assembly_get_match_counts - INFO - There are 57 taxa in the taxon-group '[full]' in the config file taxon-set.conf
2015-11-03 15:22:09,384 - phyluce_assembly_get_match_counts - INFO - Getting UCE names from database
2015-11-03 15:22:09,388 - phyluce_assembly_get_match_counts - INFO - There are 1314 total UCE loci in the database
2015-11-03 15:22:11,465 - phyluce_assembly_get_match_counts - INFO - Getting UCE matches by organism to generate a INCOMPLETE matrix
2015-11-03 15:22:11,543 - phyluce_assembly_get_match_counts - INFO - There are 1122 UCE loci in an INCOMPLETE matrix
2015-11-03 15:22:11,553 - phyluce_assembly_get_match_counts - INFO - Writing the taxa and loci in the data matrix to /home/jimmyzheng/JZ_UCE_RUNS/taxon-sets/full/all-taxa-incomplete.conf
2015-11-03 15:22:11,557 - phyluce_assembly_get_match_counts - INFO - ========== Completed phyluce_assembly_get_match_counts ==========
2015-11-04 11:57:15,969 - phyluce_assembly_get_match_counts - INFO - =========== Starting phyluce_assembly_get_match_counts ==========
2015-11-04 11:57:15,970 - phyluce_assembly_get_match_counts - INFO - Version: 1.5.0
2015-11-04 11:57:15,971 - phyluce_assembly_get_match_counts - INFO - Argument --extend_locus_db: /home/jimmyzheng/JZ_UCE_RUNS/uce-1k-probe-set-extended-outgroups/uce-search-results/probe.matches.sqlite
2015-11-04 11:57:15,971 - phyluce_assembly_get_match_counts - INFO - Argument --incomplete_matrix: True
2015-11-04 11:57:15,971 - phyluce_assembly_get_match_counts - INFO - Argument --keep_counts: False
2015-11-04 11:57:15,971 - phyluce_assembly_get_match_counts - INFO - Argument --locus_db: /home/jimmyzheng/JZ_UCE_RUNS/uce-search-results/probe.matches.sqlite
2015-11-04 11:57:15,972 - phyluce_assembly_get_match_counts - INFO - Argument --log_path: None
2015-11-04 11:57:15,972 - phyluce_assembly_get_match_counts - INFO - Argument --optimize: False
2015-11-04 11:57:15,972 - phyluce_assembly_get_match_counts - INFO - Argument --output: /home/jimmyzheng/JZ_UCE_RUNS/taxon-sets/extended/all-taxa-incomplete.conf
2015-11-04 11:57:15,972 - phyluce_assembly_get_match_counts - INFO - Argument --random: False
2015-11-04 11:57:15,972 - phyluce_assembly_get_match_counts - INFO - Argument --sample_size: 10
2015-11-04 11:57:15,972 - phyluce_assembly_get_match_counts - INFO - Argument --samples: 10
2015-11-04 11:57:15,973 - phyluce_assembly_get_match_counts - INFO - Argument --silent: False
2015-11-04 11:57:15,973 - phyluce_assembly_get_match_counts - INFO - Argument --taxon_group: extended
2015-11-04 11:57:15,973 - phyluce_assembly_get_match_counts - INFO - Argument --taxon_list_config: /home/jimmyzheng/JZ_UCE_RUNS/taxon-set.conf
2015-11-04 11:57:15,973 - phyluce_assembly_get_match_counts - INFO - Argument --verbosity: INFO
2015-11-04 11:57:15,978 - phyluce_assembly_get_match_counts - INFO - Attaching extended database probe.matches.sqlite
2015-11-04 11:57:15,981 - phyluce_assembly_get_match_counts - INFO - There are 37 taxa in the taxon-group '[extended]' in the config file taxon-set.conf
2015-11-04 11:57:15,982 - phyluce_assembly_get_match_counts - INFO - Getting UCE names from database
2015-11-04 11:57:15,985 - phyluce_assembly_get_match_counts - INFO - There are 1314 total UCE loci in the database
2015-11-04 11:57:17,235 - phyluce_assembly_get_match_counts - INFO - Getting UCE matches by organism to generate a INCOMPLETE matrix
2015-11-04 11:57:17,265 - phyluce_assembly_get_match_counts - INFO - There are 1106 UCE loci in an INCOMPLETE matrix
2015-11-04 11:57:17,273 - phyluce_assembly_get_match_counts - INFO - Writing the taxa and loci in the data matrix to /home/jimmyzheng/JZ_UCE_RUNS/taxon-sets/extended/all-taxa-incomplete.conf
2015-11-04 11:57:17,275 - phyluce_assembly_get_match_counts - INFO - ========== Completed phyluce_assembly_get_match_counts ==========
2015-11-04 12:00:35,263 - phyluce_assembly_get_match_counts - INFO - =========== Starting phyluce_assembly_get_match_counts ==========
2015-11-04 12:00:35,263 - phyluce_assembly_get_match_counts - INFO - Version: 1.5.0
2015-11-04 12:00:35,263 - phyluce_assembly_get_match_counts - INFO - Argument --extend_locus_db: /home/jimmyzheng/JZ_UCE_RUNS/uce-1k-probe-set-extended-outgroups/uce-search-results/probe.matches.sqlite
2015-11-04 12:00:35,264 - phyluce_assembly_get_match_counts - INFO - Argument --incomplete_matrix: True
2015-11-04 12:00:35,264 - phyluce_assembly_get_match_counts - INFO - Argument --keep_counts: False
2015-11-04 12:00:35,264 - phyluce_assembly_get_match_counts - INFO - Argument --locus_db: /home/jimmyzheng/JZ_UCE_RUNS/uce-search-results/probe.matches.sqlite
2015-11-04 12:00:35,264 - phyluce_assembly_get_match_counts - INFO - Argument --log_path: None
2015-11-04 12:00:35,264 - phyluce_assembly_get_match_counts - INFO - Argument --optimize: False
2015-11-04 12:00:35,265 - phyluce_assembly_get_match_counts - INFO - Argument --output: /home/jimmyzheng/JZ_UCE_RUNS/taxon-sets/extended/all-taxa-incomplete.conf
2015-11-04 12:00:35,265 - phyluce_assembly_get_match_counts - INFO - Argument --random: False
2015-11-04 12:00:35,265 - phyluce_assembly_get_match_counts - INFO - Argument --sample_size: 10
2015-11-04 12:00:35,265 - phyluce_assembly_get_match_counts - INFO - Argument --samples: 10
2015-11-04 12:00:35,265 - phyluce_assembly_get_match_counts - INFO - Argument --silent: False
2015-11-04 12:00:35,266 - phyluce_assembly_get_match_counts - INFO - Argument --taxon_group: extended
2015-11-04 12:00:35,266 - phyluce_assembly_get_match_counts - INFO - Argument --taxon_list_config: /home/jimmyzheng/JZ_UCE_RUNS/taxon-set.conf
2015-11-04 12:00:35,266 - phyluce_assembly_get_match_counts - INFO - Argument --verbosity: INFO
2015-11-04 12:00:35,272 - phyluce_assembly_get_match_counts - INFO - Attaching extended database probe.matches.sqlite
2015-11-04 12:00:35,275 - phyluce_assembly_get_match_counts - INFO - There are 37 taxa in the taxon-group '[extended]' in the config file taxon-set.conf
2015-11-04 12:00:35,275 - phyluce_assembly_get_match_counts - INFO - Getting UCE names from database
2015-11-04 12:00:35,279 - phyluce_assembly_get_match_counts - INFO - There are 1314 total UCE loci in the database
2015-11-04 12:00:36,705 - phyluce_assembly_get_match_counts - INFO - Getting UCE matches by organism to generate a INCOMPLETE matrix
2015-11-04 12:00:36,739 - phyluce_assembly_get_match_counts - INFO - There are 1106 UCE loci in an INCOMPLETE matrix
2015-11-04 12:00:36,750 - phyluce_assembly_get_match_counts - INFO - Writing the taxa and loci in the data matrix to /home/jimmyzheng/JZ_UCE_RUNS/taxon-sets/extended/all-taxa-incomplete.conf
2015-11-04 12:00:36,755 - phyluce_assembly_get_match_counts - INFO - ========== Completed phyluce_assembly_get_match_counts ==========
2015-11-04 12:00:57,537 - phyluce_assembly_get_match_counts - INFO - =========== Starting phyluce_assembly_get_match_counts ==========
2015-11-04 12:00:57,538 - phyluce_assembly_get_match_counts - INFO - Version: 1.5.0
2015-11-04 12:00:57,538 - phyluce_assembly_get_match_counts - INFO - Argument --extend_locus_db: /home/jimmyzheng/JZ_UCE_RUNS/uce-1k-probe-set-extended-outgroups/uce-search-results/probe.matches.sqlite
2015-11-04 12:00:57,538 - phyluce_assembly_get_match_counts - INFO - Argument --incomplete_matrix: True
2015-11-04 12:00:57,538 - phyluce_assembly_get_match_counts - INFO - Argument --keep_counts: False
2015-11-04 12:00:57,539 - phyluce_assembly_get_match_counts - INFO - Argument --locus_db: /home/jimmyzheng/JZ_UCE_RUNS/uce-search-results/probe.matches.sqlite
2015-11-04 12:00:57,539 - phyluce_assembly_get_match_counts - INFO - Argument --log_path: None
2015-11-04 12:00:57,539 - phyluce_assembly_get_match_counts - INFO - Argument --optimize: False
2015-11-04 12:00:57,539 - phyluce_assembly_get_match_counts - INFO - Argument --output: /home/jimmyzheng/JZ_UCE_RUNS/taxon-sets/extended/all-taxa-incomplete.conf
2015-11-04 12:00:57,540 - phyluce_assembly_get_match_counts - INFO - Argument --random: False
2015-11-04 12:00:57,540 - phyluce_assembly_get_match_counts - INFO - Argument --sample_size: 10
2015-11-04 12:00:57,540 - phyluce_assembly_get_match_counts - INFO - Argument --samples: 10
2015-11-04 12:00:57,541 - phyluce_assembly_get_match_counts - INFO - Argument --silent: False
2015-11-04 12:00:57,541 - phyluce_assembly_get_match_counts - INFO - Argument --taxon_group: extended
2015-11-04 12:00:57,541 - phyluce_assembly_get_match_counts - INFO - Argument --taxon_list_config: /home/jimmyzheng/JZ_UCE_RUNS/taxon-set.conf
2015-11-04 12:00:57,541 - phyluce_assembly_get_match_counts - INFO - Argument --verbosity: INFO
2015-11-04 12:00:57,545 - phyluce_assembly_get_match_counts - INFO - Attaching extended database probe.matches.sqlite
2015-11-04 12:00:57,547 - phyluce_assembly_get_match_counts - INFO - There are 37 taxa in the taxon-group '[extended]' in the config file taxon-set.conf
2015-11-04 12:00:57,547 - phyluce_assembly_get_match_counts - INFO - Getting UCE names from database
2015-11-04 12:00:57,550 - phyluce_assembly_get_match_counts - INFO - There are 1314 total UCE loci in the database
2015-11-04 12:00:58,281 - phyluce_assembly_get_match_counts - INFO - Getting UCE matches by organism to generate a INCOMPLETE matrix
2015-11-04 12:00:58,292 - phyluce_assembly_get_match_counts - INFO - There are 1106 UCE loci in an INCOMPLETE matrix
2015-11-04 12:00:58,296 - phyluce_assembly_get_match_counts - INFO - Writing the taxa and loci in the data matrix to /home/jimmyzheng/JZ_UCE_RUNS/taxon-sets/extended/all-taxa-incomplete.conf
2015-11-04 12:01:16,928 - phyluce_assembly_get_match_counts - INFO - =========== Starting phyluce_assembly_get_match_counts ==========
2015-11-04 12:01:16,929 - phyluce_assembly_get_match_counts - INFO - Version: 1.5.0
2015-11-04 12:01:16,929 - phyluce_assembly_get_match_counts - INFO - Argument --extend_locus_db: /home/jimmyzheng/JZ_UCE_RUNS/uce-1k-probe-set-extended-outgroups/uce-search-results/probe.matches.sqlite
2015-11-04 12:01:16,929 - phyluce_assembly_get_match_counts - INFO - Argument --incomplete_matrix: True
2015-11-04 12:01:16,929 - phyluce_assembly_get_match_counts - INFO - Argument --keep_counts: False
2015-11-04 12:01:16,929 - phyluce_assembly_get_match_counts - INFO - Argument --locus_db: /home/jimmyzheng/JZ_UCE_RUNS/uce-search-results/probe.matches.sqlite
2015-11-04 12:01:16,930 - phyluce_assembly_get_match_counts - INFO - Argument --log_path: None
2015-11-04 12:01:16,930 - phyluce_assembly_get_match_counts - INFO - Argument --optimize: False
2015-11-04 12:01:16,930 - phyluce_assembly_get_match_counts - INFO - Argument --output: /home/jimmyzheng/JZ_UCE_RUNS/taxon-sets/extended/all-taxa-incomplete.conf
2015-11-04 12:01:16,930 - phyluce_assembly_get_match_counts - INFO - Argument --random: False
2015-11-04 12:01:16,930 - phyluce_assembly_get_match_counts - INFO - Argument --sample_size: 10
2015-11-04 12:01:16,931 - phyluce_assembly_get_match_counts - INFO - Argument --samples: 10
2015-11-04 12:01:16,931 - phyluce_assembly_get_match_counts - INFO - Argument --silent: False
2015-11-04 12:01:16,931 - phyluce_assembly_get_match_counts - INFO - Argument --taxon_group: extended
2015-11-04 12:01:16,932 - phyluce_assembly_get_match_counts - INFO - Argument --taxon_list_config: /home/jimmyzheng/JZ_UCE_RUNS/taxon-set.conf
2015-11-04 12:01:16,932 - phyluce_assembly_get_match_counts - INFO - Argument --verbosity: INFO
2015-11-04 12:01:16,935 - phyluce_assembly_get_match_counts - INFO - Attaching extended database probe.matches.sqlite
2015-11-04 12:01:16,938 - phyluce_assembly_get_match_counts - INFO - There are 37 taxa in the taxon-group '[extended]' in the config file taxon-set.conf
2015-11-04 12:01:16,938 - phyluce_assembly_get_match_counts - INFO - Getting UCE names from database
2015-11-04 12:01:16,941 - phyluce_assembly_get_match_counts - INFO - There are 1314 total UCE loci in the database
2015-11-04 12:01:17,895 - phyluce_assembly_get_match_counts - INFO - Getting UCE matches by organism to generate a INCOMPLETE matrix
2015-11-04 12:01:17,910 - phyluce_assembly_get_match_counts - INFO - There are 1106 UCE loci in an INCOMPLETE matrix
2015-11-04 12:01:17,918 - phyluce_assembly_get_match_counts - INFO - Writing the taxa and loci in the data matrix to /home/jimmyzheng/JZ_UCE_RUNS/taxon-sets/extended/all-taxa-incomplete.conf
2015-11-04 12:01:17,921 - phyluce_assembly_get_match_counts - INFO - ========== Completed phyluce_assembly_get_match_counts ==========
2015-11-04 12:06:11,328 - phyluce_assembly_get_match_counts - INFO - =========== Starting phyluce_assembly_get_match_counts ==========
2015-11-04 12:06:11,329 - phyluce_assembly_get_match_counts - INFO - Version: 1.5.0
2015-11-04 12:06:11,329 - phyluce_assembly_get_match_counts - INFO - Argument --extend_locus_db: /home/jimmyzheng/JZ_UCE_RUNS/uce-1k-probe-set-extended-outgroups/uce-search-results/probe.matches.sqlite
2015-11-04 12:06:11,329 - phyluce_assembly_get_match_counts - INFO - Argument --incomplete_matrix: True
2015-11-04 12:06:11,329 - phyluce_assembly_get_match_counts - INFO - Argument --keep_counts: False
2015-11-04 12:06:11,330 - phyluce_assembly_get_match_counts - INFO - Argument --locus_db: /home/jimmyzheng/JZ_UCE_RUNS/uce-search-results/probe.matches.sqlite
2015-11-04 12:06:11,330 - phyluce_assembly_get_match_counts - INFO - Argument --log_path: None
2015-11-04 12:06:11,330 - phyluce_assembly_get_match_counts - INFO - Argument --optimize: False
2015-11-04 12:06:11,330 - phyluce_assembly_get_match_counts - INFO - Argument --output: /home/jimmyzheng/JZ_UCE_RUNS/taxon-sets/extended/all-taxa-incomplete.conf
2015-11-04 12:06:11,330 - phyluce_assembly_get_match_counts - INFO - Argument --random: False
2015-11-04 12:06:11,330 - phyluce_assembly_get_match_counts - INFO - Argument --sample_size: 10
2015-11-04 12:06:11,330 - phyluce_assembly_get_match_counts - INFO - Argument --samples: 10
2015-11-04 12:06:11,330 - phyluce_assembly_get_match_counts - INFO - Argument --silent: False
2015-11-04 12:06:11,331 - phyluce_assembly_get_match_counts - INFO - Argument --taxon_group: extended
2015-11-04 12:06:11,331 - phyluce_assembly_get_match_counts - INFO - Argument --taxon_list_config: /home/jimmyzheng/JZ_UCE_RUNS/taxon-set.conf
2015-11-04 12:06:11,331 - phyluce_assembly_get_match_counts - INFO - Argument --verbosity: INFO
2015-11-04 12:06:11,333 - phyluce_assembly_get_match_counts - INFO - Attaching extended database probe.matches.sqlite
2015-11-04 12:06:11,335 - phyluce_assembly_get_match_counts - INFO - There are 37 taxa in the taxon-group '[extended]' in the config file taxon-set.conf
2015-11-04 12:06:11,336 - phyluce_assembly_get_match_counts - INFO - Getting UCE names from database
2015-11-04 12:06:11,340 - phyluce_assembly_get_match_counts - INFO - There are 1314 total UCE loci in the database
2015-11-04 12:06:12,156 - phyluce_assembly_get_match_counts - INFO - Getting UCE matches by organism to generate a INCOMPLETE matrix
2015-11-04 12:06:12,171 - phyluce_assembly_get_match_counts - INFO - There are 1106 UCE loci in an INCOMPLETE matrix
2015-11-04 12:06:12,174 - phyluce_assembly_get_match_counts - INFO - Writing the taxa and loci in the data matrix to /home/jimmyzheng/JZ_UCE_RUNS/taxon-sets/extended/all-taxa-incomplete.conf
2015-11-04 12:06:12,177 - phyluce_assembly_get_match_counts - INFO - ========== Completed phyluce_assembly_get_match_counts ==========
2015-11-06 02:35:50,765 - phyluce_assembly_get_match_counts - INFO - =========== Starting phyluce_assembly_get_match_counts ==========
2015-11-06 02:35:50,765 - phyluce_assembly_get_match_counts - INFO - Version: 1.5.0
2015-11-06 02:35:50,766 - phyluce_assembly_get_match_counts - INFO - Argument --extend_locus_db: /home/jimmyzheng/JZ_UCE_RUNS/outgroup-taxon-sets/uce-search-results/probe.matches.sqlite
2015-11-06 02:35:50,766 - phyluce_assembly_get_match_counts - INFO - Argument --incomplete_matrix: True
2015-11-06 02:35:50,766 - phyluce_assembly_get_match_counts - INFO - Argument --keep_counts: False
2015-11-06 02:35:50,766 - phyluce_assembly_get_match_counts - INFO - Argument --locus_db: /home/jimmyzheng/JZ_UCE_RUNS/uce-search-results/probe.matches.sqlite
2015-11-06 02:35:50,767 - phyluce_assembly_get_match_counts - INFO - Argument --log_path: None
2015-11-06 02:35:50,767 - phyluce_assembly_get_match_counts - INFO - Argument --optimize: False
2015-11-06 02:35:50,767 - phyluce_assembly_get_match_counts - INFO - Argument --output: /home/jimmyzheng/JZ_UCE_RUNS/taxon-sets/extended/all-taxa-incomplete.conf
2015-11-06 02:35:50,767 - phyluce_assembly_get_match_counts - INFO - Argument --random: False
2015-11-06 02:35:50,767 - phyluce_assembly_get_match_counts - INFO - Argument --sample_size: 10
2015-11-06 02:35:50,768 - phyluce_assembly_get_match_counts - INFO - Argument --samples: 10
2015-11-06 02:35:50,768 - phyluce_assembly_get_match_counts - INFO - Argument --silent: False
2015-11-06 02:35:50,768 - phyluce_assembly_get_match_counts - INFO - Argument --taxon_group: extended
2015-11-06 02:35:50,768 - phyluce_assembly_get_match_counts - INFO - Argument --taxon_list_config: /home/jimmyzheng/JZ_UCE_RUNS/taxon-set.conf
2015-11-06 02:35:50,769 - phyluce_assembly_get_match_counts - INFO - Argument --verbosity: INFO
2015-11-06 02:35:50,772 - phyluce_assembly_get_match_counts - INFO - Attaching extended database probe.matches.sqlite
2015-11-06 02:35:50,773 - phyluce_assembly_get_match_counts - INFO - There are 37 taxa in the taxon-group '[extended]' in the config file taxon-set.conf
2015-11-06 02:35:50,773 - phyluce_assembly_get_match_counts - INFO - Getting UCE names from database
2015-11-06 02:35:50,775 - phyluce_assembly_get_match_counts - INFO - There are 1314 total UCE loci in the database
2015-11-06 02:35:51,471 - phyluce_assembly_get_match_counts - INFO - Getting UCE matches by organism to generate a INCOMPLETE matrix
2015-11-06 02:35:51,483 - phyluce_assembly_get_match_counts - INFO - There are 1105 UCE loci in an INCOMPLETE matrix
2015-11-06 02:35:51,489 - phyluce_assembly_get_match_counts - INFO - Writing the taxa and loci in the data matrix to /home/jimmyzheng/JZ_UCE_RUNS/taxon-sets/extended/all-taxa-incomplete.conf
2015-11-06 02:35:51,490 - phyluce_assembly_get_match_counts - INFO - ========== Completed phyluce_assembly_get_match_counts ==========
