2015-12-07 19:21:45,008 - phyluce_assembly_match_contigs_to_probes - INFO - ======= Starting phyluce_assembly_match_contigs_to_probes =======
2015-12-07 19:21:45,008 - phyluce_assembly_match_contigs_to_probes - INFO - Version: 1.5.0
2015-12-07 19:21:45,008 - phyluce_assembly_match_contigs_to_probes - INFO - Argument --contigs: /home/jimmyzheng/JZ_UCE_RUNS/trinity-assemblies-FINAL/contigs
2015-12-07 19:21:45,008 - phyluce_assembly_match_contigs_to_probes - INFO - Argument --dupefile: None
2015-12-07 19:21:45,008 - phyluce_assembly_match_contigs_to_probes - INFO - Argument --keep_duplicates: None
2015-12-07 19:21:45,008 - phyluce_assembly_match_contigs_to_probes - INFO - Argument --log_path: None
2015-12-07 19:21:45,009 - phyluce_assembly_match_contigs_to_probes - INFO - Argument --min_coverage: 80
2015-12-07 19:21:45,009 - phyluce_assembly_match_contigs_to_probes - INFO - Argument --min_identity: 80
2015-12-07 19:21:45,009 - phyluce_assembly_match_contigs_to_probes - INFO - Argument --output: /home/jimmyzheng/JZ_UCE_RUNS/cichlid-lastz
2015-12-07 19:21:45,009 - phyluce_assembly_match_contigs_to_probes - INFO - Argument --probes: /home/jimmyzheng/JZ_UCE_RUNS/uce-1k-probes.fasta
2015-12-07 19:21:45,009 - phyluce_assembly_match_contigs_to_probes - INFO - Argument --regex: ^(uce-\d+)(?:_p\d+.*)
2015-12-07 19:21:45,009 - phyluce_assembly_match_contigs_to_probes - INFO - Argument --verbosity: INFO
2015-12-07 19:22:06,228 - phyluce_assembly_match_contigs_to_probes - INFO - ======= Starting phyluce_assembly_match_contigs_to_probes =======
2015-12-07 19:22:06,228 - phyluce_assembly_match_contigs_to_probes - INFO - Version: 1.5.0
2015-12-07 19:22:06,228 - phyluce_assembly_match_contigs_to_probes - INFO - Argument --contigs: /home/jimmyzheng/JZ_UCE_RUNS/trinity-assemblies-FINAL/contigs
2015-12-07 19:22:06,228 - phyluce_assembly_match_contigs_to_probes - INFO - Argument --dupefile: None
2015-12-07 19:22:06,228 - phyluce_assembly_match_contigs_to_probes - INFO - Argument --keep_duplicates: None
2015-12-07 19:22:06,228 - phyluce_assembly_match_contigs_to_probes - INFO - Argument --log_path: None
2015-12-07 19:22:06,229 - phyluce_assembly_match_contigs_to_probes - INFO - Argument --min_coverage: 80
2015-12-07 19:22:06,229 - phyluce_assembly_match_contigs_to_probes - INFO - Argument --min_identity: 80
2015-12-07 19:22:06,229 - phyluce_assembly_match_contigs_to_probes - INFO - Argument --output: /home/jimmyzheng/JZ_UCE_RUNS/cichlid-lastz
2015-12-07 19:22:06,229 - phyluce_assembly_match_contigs_to_probes - INFO - Argument --probes: /home/jimmyzheng/JZ_UCE_RUNS/uce-1k-probes.fasta
2015-12-07 19:22:06,229 - phyluce_assembly_match_contigs_to_probes - INFO - Argument --regex: ^(uce-\d+)(?:_p\d+.*)
2015-12-07 19:22:06,229 - phyluce_assembly_match_contigs_to_probes - INFO - Argument --verbosity: INFO
2015-12-07 19:22:06,301 - phyluce_assembly_match_contigs_to_probes - INFO - Creating the UCE-match database
2015-12-07 19:22:06,428 - phyluce_assembly_match_contigs_to_probes - INFO - Processing contig data
2015-12-07 19:22:06,429 - phyluce_assembly_match_contigs_to_probes - INFO - -----------------------------------------------------------------
2015-12-07 19:22:16,788 - phyluce_assembly_match_contigs_to_probes - INFO - aristochromis_christiae_ID25: 1044 (3.31%) uniques of 31575 contigs, 0 dupe probe matches, 21 UCE loci removed for matching multiple contigs, 120 contigs removed for matching multiple UCE loci
2015-12-07 19:22:25,788 - phyluce_assembly_match_contigs_to_probes - INFO - astatotilapia_burtoni_ID32: 1048 (4.88%) uniques of 21458 contigs, 0 dupe probe matches, 31 UCE loci removed for matching multiple contigs, 114 contigs removed for matching multiple UCE loci
2015-12-07 19:22:35,272 - phyluce_assembly_match_contigs_to_probes - INFO - aulonocara_stuartgranti_ID26: 1044 (5.09%) uniques of 20527 contigs, 0 dupe probe matches, 24 UCE loci removed for matching multiple contigs, 120 contigs removed for matching multiple UCE loci
2015-12-07 19:23:25,186 - phyluce_assembly_match_contigs_to_probes - INFO - ======= Starting phyluce_assembly_match_contigs_to_probes =======
2015-12-07 19:23:25,186 - phyluce_assembly_match_contigs_to_probes - INFO - Version: 1.5.0
2015-12-07 19:23:25,186 - phyluce_assembly_match_contigs_to_probes - INFO - Argument --contigs: /home/jimmyzheng/JZ_UCE_RUNS/trinity-assemblies-FINAL/contigs
2015-12-07 19:23:25,187 - phyluce_assembly_match_contigs_to_probes - INFO - Argument --dupefile: None
2015-12-07 19:23:25,187 - phyluce_assembly_match_contigs_to_probes - INFO - Argument --keep_duplicates: None
2015-12-07 19:23:25,187 - phyluce_assembly_match_contigs_to_probes - INFO - Argument --log_path: None
2015-12-07 19:23:25,187 - phyluce_assembly_match_contigs_to_probes - INFO - Argument --min_coverage: 80
2015-12-07 19:23:25,187 - phyluce_assembly_match_contigs_to_probes - INFO - Argument --min_identity: 80
2015-12-07 19:23:25,187 - phyluce_assembly_match_contigs_to_probes - INFO - Argument --output: /home/jimmyzheng/JZ_UCE_RUNS/cichlid-lastz
2015-12-07 19:23:25,187 - phyluce_assembly_match_contigs_to_probes - INFO - Argument --probes: /home/jimmyzheng/JZ_UCE_RUNS/uce-1k-probes.fasta
2015-12-07 19:23:25,187 - phyluce_assembly_match_contigs_to_probes - INFO - Argument --regex: ^(uce-\d+)(?:_p\d+.*)
2015-12-07 19:23:25,188 - phyluce_assembly_match_contigs_to_probes - INFO - Argument --verbosity: INFO
2015-12-07 19:23:25,261 - phyluce_assembly_match_contigs_to_probes - INFO - Creating the UCE-match database
2015-12-07 19:23:25,411 - phyluce_assembly_match_contigs_to_probes - INFO - Processing contig data
2015-12-07 19:23:25,412 - phyluce_assembly_match_contigs_to_probes - INFO - -----------------------------------------------------------------
2015-12-07 19:23:36,187 - phyluce_assembly_match_contigs_to_probes - INFO - aristochromis_christiae_ID25: 1044 (3.31%) uniques of 31575 contigs, 0 dupe probe matches, 21 UCE loci removed for matching multiple contigs, 120 contigs removed for matching multiple UCE loci
2015-12-07 19:23:45,596 - phyluce_assembly_match_contigs_to_probes - INFO - astatotilapia_burtoni_ID32: 1048 (4.88%) uniques of 21458 contigs, 0 dupe probe matches, 31 UCE loci removed for matching multiple contigs, 114 contigs removed for matching multiple UCE loci
2015-12-07 19:23:54,537 - phyluce_assembly_match_contigs_to_probes - INFO - aulonocara_stuartgranti_ID26: 1044 (5.09%) uniques of 20527 contigs, 0 dupe probe matches, 24 UCE loci removed for matching multiple contigs, 120 contigs removed for matching multiple UCE loci
2015-12-07 19:24:03,587 - phyluce_assembly_match_contigs_to_probes - INFO - bathybates_minor_ID90: 1045 (5.02%) uniques of 20825 contigs, 0 dupe probe matches, 32 UCE loci removed for matching multiple contigs, 117 contigs removed for matching multiple UCE loci
2015-12-07 19:24:12,920 - phyluce_assembly_match_contigs_to_probes - INFO - boulengerochromis_microlepis_ID79: 1045 (4.04%) uniques of 25893 contigs, 0 dupe probe matches, 20 UCE loci removed for matching multiple contigs, 120 contigs removed for matching multiple UCE loci
2015-12-07 19:24:23,462 - phyluce_assembly_match_contigs_to_probes - INFO - capidochromis_eucinostomus_ID12: 1027 (3.15%) uniques of 32605 contigs, 0 dupe probe matches, 34 UCE loci removed for matching multiple contigs, 123 contigs removed for matching multiple UCE loci
2015-12-07 19:24:33,412 - phyluce_assembly_match_contigs_to_probes - INFO - chalinochromis_brichardi_ID57: 1030 (3.26%) uniques of 31634 contigs, 0 dupe probe matches, 38 UCE loci removed for matching multiple contigs, 120 contigs removed for matching multiple UCE loci
2015-12-07 19:24:42,937 - phyluce_assembly_match_contigs_to_probes - INFO - cheilotilapia_euchilus_ID23: 1042 (4.45%) uniques of 23395 contigs, 0 dupe probe matches, 19 UCE loci removed for matching multiple contigs, 119 contigs removed for matching multiple UCE loci
2015-12-07 19:24:53,920 - phyluce_assembly_match_contigs_to_probes - INFO - cheilotilapia_rhodessi_ID24: 1040 (3.88%) uniques of 26832 contigs, 0 dupe probe matches, 33 UCE loci removed for matching multiple contigs, 128 contigs removed for matching multiple UCE loci
2015-12-07 19:25:03,369 - phyluce_assembly_match_contigs_to_probes - INFO - copadichromis_trimaculatus_ID18: 1053 (6.51%) uniques of 16180 contigs, 0 dupe probe matches, 22 UCE loci removed for matching multiple contigs, 115 contigs removed for matching multiple UCE loci
2015-12-07 19:25:12,769 - phyluce_assembly_match_contigs_to_probes - INFO - cyathichromis_obliquidens_ID3: 1041 (5.44%) uniques of 19122 contigs, 0 dupe probe matches, 28 UCE loci removed for matching multiple contigs, 122 contigs removed for matching multiple UCE loci
2015-12-07 19:25:22,219 - phyluce_assembly_match_contigs_to_probes - INFO - cyprichromis_pavo_ID84: 1054 (5.50%) uniques of 19156 contigs, 0 dupe probe matches, 27 UCE loci removed for matching multiple contigs, 119 contigs removed for matching multiple UCE loci
2015-12-07 19:25:32,569 - phyluce_assembly_match_contigs_to_probes - INFO - docimodus_evelynae_ID10: 1030 (4.57%) uniques of 22540 contigs, 0 dupe probe matches, 35 UCE loci removed for matching multiple contigs, 124 contigs removed for matching multiple UCE loci
2015-12-07 19:25:42,019 - phyluce_assembly_match_contigs_to_probes - INFO - ectodus_descampsii_ID55: 1048 (4.39%) uniques of 23886 contigs, 0 dupe probe matches, 30 UCE loci removed for matching multiple contigs, 115 contigs removed for matching multiple UCE loci
2015-12-07 19:25:51,969 - phyluce_assembly_match_contigs_to_probes - INFO - eretmodus_cyanostictus_ID82: 1039 (3.89%) uniques of 26707 contigs, 0 dupe probe matches, 30 UCE loci removed for matching multiple contigs, 125 contigs removed for matching multiple UCE loci
2015-12-07 19:26:00,585 - phyluce_assembly_match_contigs_to_probes - INFO - fossorichromis_rostratus_ID28: 1040 (7.22%) uniques of 14410 contigs, 0 dupe probe matches, 23 UCE loci removed for matching multiple contigs, 119 contigs removed for matching multiple UCE loci
2015-12-07 19:26:10,502 - phyluce_assembly_match_contigs_to_probes - INFO - genyochromis_mento_ID7: 1027 (4.47%) uniques of 22975 contigs, 0 dupe probe matches, 33 UCE loci removed for matching multiple contigs, 124 contigs removed for matching multiple UCE loci
2015-12-07 19:26:21,152 - phyluce_assembly_match_contigs_to_probes - INFO - gnathochromis_permaxillaris_ID60: 1037 (3.59%) uniques of 28880 contigs, 0 dupe probe matches, 30 UCE loci removed for matching multiple contigs, 116 contigs removed for matching multiple UCE loci
2015-12-07 19:26:30,643 - phyluce_assembly_match_contigs_to_probes - INFO - hapBur1: 1011 (78.19%) uniques of 1293 contigs, 0 dupe probe matches, 281 UCE loci removed for matching multiple contigs, 282 contigs removed for matching multiple UCE loci
2015-12-07 19:26:39,285 - phyluce_assembly_match_contigs_to_probes - INFO - haplochromis_thereuterion_ID71: 1043 (7.17%) uniques of 14553 contigs, 0 dupe probe matches, 25 UCE loci removed for matching multiple contigs, 121 contigs removed for matching multiple UCE loci
2015-12-07 19:26:49,193 - phyluce_assembly_match_contigs_to_probes - INFO - haplotaxodon_microlepis_ID77: 1042 (4.64%) uniques of 22470 contigs, 0 dupe probe matches, 22 UCE loci removed for matching multiple contigs, 117 contigs removed for matching multiple UCE loci
2015-12-07 19:26:59,077 - phyluce_assembly_match_contigs_to_probes - INFO - harpagochromis_golden_duck_ID73: 1040 (4.08%) uniques of 25506 contigs, 0 dupe probe matches, 22 UCE loci removed for matching multiple contigs, 121 contigs removed for matching multiple UCE loci
2015-12-07 19:27:09,268 - phyluce_assembly_match_contigs_to_probes - INFO - harpagochromis_orange_rock_hunter_ID89: 1062 (4.24%) uniques of 25019 contigs, 0 dupe probe matches, 16 UCE loci removed for matching multiple contigs, 111 contigs removed for matching multiple UCE loci
2015-12-07 19:27:18,993 - phyluce_assembly_match_contigs_to_probes - INFO - harpagochromis_serranus_ID87: 1053 (4.58%) uniques of 22967 contigs, 0 dupe probe matches, 24 UCE loci removed for matching multiple contigs, 116 contigs removed for matching multiple UCE loci
2015-12-07 19:27:28,777 - phyluce_assembly_match_contigs_to_probes - INFO - harpagochromis_two_stripe_white_lip_ID88: 1047 (4.41%) uniques of 23733 contigs, 0 dupe probe matches, 21 UCE loci removed for matching multiple contigs, 124 contigs removed for matching multiple UCE loci
2015-12-07 19:27:38,951 - phyluce_assembly_match_contigs_to_probes - INFO - hemitilapia_oxyrhynchus_ID15: 1039 (3.97%) uniques of 26174 contigs, 0 dupe probe matches, 29 UCE loci removed for matching multiple contigs, 122 contigs removed for matching multiple UCE loci
2015-12-07 19:27:50,201 - phyluce_assembly_match_contigs_to_probes - INFO - julidochromis_dickfeldi_ID45: 1031 (3.15%) uniques of 32683 contigs, 0 dupe probe matches, 29 UCE loci removed for matching multiple contigs, 124 contigs removed for matching multiple UCE loci
2015-12-07 19:28:00,368 - phyluce_assembly_match_contigs_to_probes - INFO - labeotropheus_fullbornei_ID8: 1037 (3.73%) uniques of 27830 contigs, 0 dupe probe matches, 22 UCE loci removed for matching multiple contigs, 119 contigs removed for matching multiple UCE loci
2015-12-07 19:28:10,134 - phyluce_assembly_match_contigs_to_probes - INFO - labeotropheus_trewavase_ID6: 1034 (4.61%) uniques of 22453 contigs, 0 dupe probe matches, 25 UCE loci removed for matching multiple contigs, 120 contigs removed for matching multiple UCE loci
2015-12-07 19:28:19,018 - phyluce_assembly_match_contigs_to_probes - INFO - labidochromis_gigas_ID30: 1050 (5.85%) uniques of 17951 contigs, 0 dupe probe matches, 23 UCE loci removed for matching multiple contigs, 116 contigs removed for matching multiple UCE loci
2015-12-07 19:28:29,109 - phyluce_assembly_match_contigs_to_probes - INFO - lamprologus_callipterus_ID56: 1027 (3.43%) uniques of 29953 contigs, 0 dupe probe matches, 37 UCE loci removed for matching multiple contigs, 121 contigs removed for matching multiple UCE loci
2015-12-07 19:28:38,685 - phyluce_assembly_match_contigs_to_probes - INFO - lamprologus_signatus_ID70: 1033 (4.19%) uniques of 24656 contigs, 0 dupe probe matches, 25 UCE loci removed for matching multiple contigs, 124 contigs removed for matching multiple UCE loci
2015-12-07 19:28:47,660 - phyluce_assembly_match_contigs_to_probes - INFO - lamprologus_speciosus_ID65: 1034 (6.00%) uniques of 17243 contigs, 0 dupe probe matches, 32 UCE loci removed for matching multiple contigs, 126 contigs removed for matching multiple UCE loci
2015-12-07 19:28:58,968 - phyluce_assembly_match_contigs_to_probes - INFO - lepidiolamprologus_attenuatus_ID47: 1023 (2.82%) uniques of 36224 contigs, 0 dupe probe matches, 32 UCE loci removed for matching multiple contigs, 128 contigs removed for matching multiple UCE loci
2015-12-07 19:29:09,535 - phyluce_assembly_match_contigs_to_probes - INFO - lepidiolamprologus_boulengeri_ID36: 1013 (3.35%) uniques of 30241 contigs, 0 dupe probe matches, 41 UCE loci removed for matching multiple contigs, 130 contigs removed for matching multiple UCE loci
2015-12-07 19:29:18,610 - phyluce_assembly_match_contigs_to_probes - INFO - lepidiolamprologus_hecqui_ID58: 1050 (5.44%) uniques of 19314 contigs, 0 dupe probe matches, 26 UCE loci removed for matching multiple contigs, 116 contigs removed for matching multiple UCE loci
2015-12-07 19:29:28,451 - phyluce_assembly_match_contigs_to_probes - INFO - lepidiolamprologus_leimairii_ID69: 1040 (4.38%) uniques of 23740 contigs, 0 dupe probe matches, 31 UCE loci removed for matching multiple contigs, 122 contigs removed for matching multiple UCE loci
2015-12-07 19:29:36,951 - phyluce_assembly_match_contigs_to_probes - INFO - lepidiolamprologus_meeli_kipili_ID40: 1051 (8.73%) uniques of 12037 contigs, 0 dupe probe matches, 24 UCE loci removed for matching multiple contigs, 117 contigs removed for matching multiple UCE loci
2015-12-07 19:29:47,368 - phyluce_assembly_match_contigs_to_probes - INFO - lepidiolamprologus_nkambae_ID41: 1025 (3.23%) uniques of 31750 contigs, 0 dupe probe matches, 25 UCE loci removed for matching multiple contigs, 126 contigs removed for matching multiple UCE loci
2015-12-07 19:29:57,459 - phyluce_assembly_match_contigs_to_probes - INFO - lepidiolamprologus_profundicola_ID76: 1012 (3.52%) uniques of 28775 contigs, 0 dupe probe matches, 34 UCE loci removed for matching multiple contigs, 132 contigs removed for matching multiple UCE loci
2015-12-07 19:30:08,334 - phyluce_assembly_match_contigs_to_probes - INFO - lepidolamprologus_elongatus_ID34: 1027 (2.96%) uniques of 34752 contigs, 0 dupe probe matches, 32 UCE loci removed for matching multiple contigs, 124 contigs removed for matching multiple UCE loci
2015-12-07 19:30:18,176 - phyluce_assembly_match_contigs_to_probes - INFO - limnochromis_auritus_ID38: 1050 (4.09%) uniques of 25692 contigs, 0 dupe probe matches, 27 UCE loci removed for matching multiple contigs, 118 contigs removed for matching multiple UCE loci
2015-12-07 19:30:27,301 - phyluce_assembly_match_contigs_to_probes - INFO - lipochromis_parvidens_ID74: 1043 (5.51%) uniques of 18923 contigs, 0 dupe probe matches, 21 UCE loci removed for matching multiple contigs, 118 contigs removed for matching multiple UCE loci
2015-12-07 19:30:37,234 - phyluce_assembly_match_contigs_to_probes - INFO - melanochromis_auratus_ID4: 1037 (3.99%) uniques of 26009 contigs, 0 dupe probe matches, 33 UCE loci removed for matching multiple contigs, 119 contigs removed for matching multiple UCE loci
2015-12-07 19:30:46,976 - phyluce_assembly_match_contigs_to_probes - INFO - melanochromis_kaskazini_ID33: 1044 (4.36%) uniques of 23932 contigs, 0 dupe probe matches, 26 UCE loci removed for matching multiple contigs, 123 contigs removed for matching multiple UCE loci
2015-12-07 19:30:57,092 - phyluce_assembly_match_contigs_to_probes - INFO - metriaclima_greshakae_ID11: 1040 (4.25%) uniques of 24478 contigs, 0 dupe probe matches, 28 UCE loci removed for matching multiple contigs, 118 contigs removed for matching multiple UCE loci
2015-12-07 19:31:07,250 - phyluce_assembly_match_contigs_to_probes - INFO - metriaclima_patricki_ID22: 1040 (4.25%) uniques of 24496 contigs, 0 dupe probe matches, 35 UCE loci removed for matching multiple contigs, 118 contigs removed for matching multiple UCE loci
2015-12-07 19:31:16,992 - phyluce_assembly_match_contigs_to_probes - INFO - neoBri1: 1012 (78.21%) uniques of 1294 contigs, 0 dupe probe matches, 281 UCE loci removed for matching multiple contigs, 282 contigs removed for matching multiple UCE loci
2015-12-07 19:31:25,642 - phyluce_assembly_match_contigs_to_probes - INFO - neolamprologus_bifasciatus_ID80: 1049 (8.04%) uniques of 13053 contigs, 0 dupe probe matches, 26 UCE loci removed for matching multiple contigs, 116 contigs removed for matching multiple UCE loci
2015-12-07 19:31:35,301 - phyluce_assembly_match_contigs_to_probes - INFO - neolamprologus_brichardi_ID50: 1033 (5.24%) uniques of 19703 contigs, 0 dupe probe matches, 29 UCE loci removed for matching multiple contigs, 124 contigs removed for matching multiple UCE loci
2015-12-07 19:31:43,525 - phyluce_assembly_match_contigs_to_probes - INFO - neolamprologus_cylindricus_ID68: 1045 (8.02%) uniques of 13033 contigs, 0 dupe probe matches, 23 UCE loci removed for matching multiple contigs, 117 contigs removed for matching multiple UCE loci
2015-12-07 19:31:52,859 - phyluce_assembly_match_contigs_to_probes - INFO - neolamprologus_fasciatus_ID86: 1030 (4.78%) uniques of 21566 contigs, 0 dupe probe matches, 41 UCE loci removed for matching multiple contigs, 124 contigs removed for matching multiple UCE loci
2015-12-07 19:32:01,575 - phyluce_assembly_match_contigs_to_probes - INFO - neolamprologus_furcifer_ID66: 1046 (7.12%) uniques of 14701 contigs, 0 dupe probe matches, 24 UCE loci removed for matching multiple contigs, 121 contigs removed for matching multiple UCE loci
2015-12-07 19:32:11,967 - phyluce_assembly_match_contigs_to_probes - INFO - neolamprologus_helianthus_ID83: 1026 (3.39%) uniques of 30234 contigs, 0 dupe probe matches, 28 UCE loci removed for matching multiple contigs, 125 contigs removed for matching multiple UCE loci
2015-12-07 19:32:20,884 - phyluce_assembly_match_contigs_to_probes - INFO - neolamprologus_longicaudata_ID54: 1055 (6.51%) uniques of 16205 contigs, 0 dupe probe matches, 17 UCE loci removed for matching multiple contigs, 115 contigs removed for matching multiple UCE loci
2015-12-07 19:32:29,592 - phyluce_assembly_match_contigs_to_probes - INFO - neolamprologus_longior_ID35: 1049 (6.89%) uniques of 15229 contigs, 0 dupe probe matches, 24 UCE loci removed for matching multiple contigs, 119 contigs removed for matching multiple UCE loci
2015-12-07 19:32:38,150 - phyluce_assembly_match_contigs_to_probes - INFO - neolamprologus_modestus_ID61: 1061 (7.92%) uniques of 13392 contigs, 0 dupe probe matches, 18 UCE loci removed for matching multiple contigs, 116 contigs removed for matching multiple UCE loci
2015-12-07 19:32:48,067 - phyluce_assembly_match_contigs_to_probes - INFO - neolamprologus_niger_ID59: 1018 (4.29%) uniques of 23738 contigs, 0 dupe probe matches, 41 UCE loci removed for matching multiple contigs, 126 contigs removed for matching multiple UCE loci
2015-12-07 19:32:56,792 - phyluce_assembly_match_contigs_to_probes - INFO - neolamprologus_nigriventer_ID67: 1052 (7.21%) uniques of 14584 contigs, 0 dupe probe matches, 23 UCE loci removed for matching multiple contigs, 115 contigs removed for matching multiple UCE loci
2015-12-07 19:33:05,150 - phyluce_assembly_match_contigs_to_probes - INFO - neolamprologus_obscurus_ID53: 1033 (9.58%) uniques of 10786 contigs, 0 dupe probe matches, 45 UCE loci removed for matching multiple contigs, 114 contigs removed for matching multiple UCE loci
2015-12-07 19:33:14,000 - phyluce_assembly_match_contigs_to_probes - INFO - neolamprologus_olivaceous_ID85: 1056 (6.41%) uniques of 16462 contigs, 0 dupe probe matches, 27 UCE loci removed for matching multiple contigs, 112 contigs removed for matching multiple UCE loci
2015-12-07 19:33:23,792 - phyluce_assembly_match_contigs_to_probes - INFO - neolamprologus_prochilus_ID51: 1049 (4.73%) uniques of 22181 contigs, 0 dupe probe matches, 16 UCE loci removed for matching multiple contigs, 116 contigs removed for matching multiple UCE loci
2015-12-07 19:33:32,843 - phyluce_assembly_match_contigs_to_probes - INFO - neolamprologus_pulcher_ID42: 1058 (5.65%) uniques of 18741 contigs, 0 dupe probe matches, 21 UCE loci removed for matching multiple contigs, 112 contigs removed for matching multiple UCE loci
2015-12-07 19:33:42,367 - phyluce_assembly_match_contigs_to_probes - INFO - neolamprologus_savoryi_ID39: 1031 (4.72%) uniques of 21821 contigs, 0 dupe probe matches, 29 UCE loci removed for matching multiple contigs, 121 contigs removed for matching multiple UCE loci
2015-12-07 19:33:51,334 - phyluce_assembly_match_contigs_to_probes - INFO - neolamprologus_sexfasciatus_ID63: 1047 (6.13%) uniques of 17083 contigs, 0 dupe probe matches, 17 UCE loci removed for matching multiple contigs, 120 contigs removed for matching multiple UCE loci
2015-12-07 19:34:00,109 - phyluce_assembly_match_contigs_to_probes - INFO - neolamprologus_tetracanthus_ID46: 1028 (5.87%) uniques of 17517 contigs, 0 dupe probe matches, 27 UCE loci removed for matching multiple contigs, 125 contigs removed for matching multiple UCE loci
2015-12-07 19:34:08,843 - phyluce_assembly_match_contigs_to_probes - INFO - neolamprologus_walteri_ID52: 1044 (5.85%) uniques of 17847 contigs, 0 dupe probe matches, 23 UCE loci removed for matching multiple contigs, 120 contigs removed for matching multiple UCE loci
2015-12-07 19:34:18,618 - phyluce_assembly_match_contigs_to_probes - INFO - nimbochromis_polystigma_ID2: 1041 (4.26%) uniques of 24427 contigs, 0 dupe probe matches, 30 UCE loci removed for matching multiple contigs, 123 contigs removed for matching multiple UCE loci
2015-12-07 19:34:28,725 - phyluce_assembly_match_contigs_to_probes - INFO - ophthalmotilapia_boops_ID44: 1036 (3.67%) uniques of 28265 contigs, 0 dupe probe matches, 35 UCE loci removed for matching multiple contigs, 122 contigs removed for matching multiple UCE loci
2015-12-07 19:34:38,209 - phyluce_assembly_match_contigs_to_probes - INFO - ophthalmotilapia_nasuta_ID37: 1035 (4.34%) uniques of 23866 contigs, 0 dupe probe matches, 34 UCE loci removed for matching multiple contigs, 123 contigs removed for matching multiple UCE loci
2015-12-07 19:34:47,552 - phyluce_assembly_match_contigs_to_probes - INFO - oreNil1: 1014 (78.30%) uniques of 1295 contigs, 0 dupe probe matches, 281 UCE loci removed for matching multiple contigs, 281 contigs removed for matching multiple UCE loci
2015-12-07 19:34:57,103 - phyluce_assembly_match_contigs_to_probes - INFO - otopharynx_heterodon_ID13: 1031 (4.71%) uniques of 21906 contigs, 0 dupe probe matches, 32 UCE loci removed for matching multiple contigs, 121 contigs removed for matching multiple UCE loci
2015-12-07 19:35:06,227 - phyluce_assembly_match_contigs_to_probes - INFO - otopharynx_lithobates_ID16: 1047 (5.43%) uniques of 19266 contigs, 0 dupe probe matches, 20 UCE loci removed for matching multiple contigs, 119 contigs removed for matching multiple UCE loci
2015-12-07 19:35:15,403 - phyluce_assembly_match_contigs_to_probes - INFO - otopharynx_picta_ID14: 1055 (5.46%) uniques of 19315 contigs, 0 dupe probe matches, 26 UCE loci removed for matching multiple contigs, 119 contigs removed for matching multiple UCE loci
2015-12-07 19:35:25,211 - phyluce_assembly_match_contigs_to_probes - INFO - petrotilapia_nigra_ID9: 1031 (4.20%) uniques of 24570 contigs, 0 dupe probe matches, 34 UCE loci removed for matching multiple contigs, 124 contigs removed for matching multiple UCE loci
2015-12-07 19:35:34,902 - phyluce_assembly_match_contigs_to_probes - INFO - placidochromis_electra_ID21: 1037 (4.33%) uniques of 23936 contigs, 0 dupe probe matches, 26 UCE loci removed for matching multiple contigs, 121 contigs removed for matching multiple UCE loci
2015-12-07 19:35:43,886 - phyluce_assembly_match_contigs_to_probes - INFO - placidochromis_milomo_ID17: 1050 (5.54%) uniques of 18953 contigs, 0 dupe probe matches, 19 UCE loci removed for matching multiple contigs, 117 contigs removed for matching multiple UCE loci
2015-12-07 19:35:53,911 - phyluce_assembly_match_contigs_to_probes - INFO - prognathochromis_perrieri_ID49: 1040 (3.87%) uniques of 26860 contigs, 0 dupe probe matches, 17 UCE loci removed for matching multiple contigs, 121 contigs removed for matching multiple UCE loci
2015-12-07 19:36:02,969 - phyluce_assembly_match_contigs_to_probes - INFO - psedotropheus_crabro_ID27: 1046 (5.62%) uniques of 18600 contigs, 0 dupe probe matches, 22 UCE loci removed for matching multiple contigs, 116 contigs removed for matching multiple UCE loci
2015-12-07 19:36:12,836 - phyluce_assembly_match_contigs_to_probes - INFO - pseudotropheus_flavus_ID19: 1040 (4.59%) uniques of 22638 contigs, 0 dupe probe matches, 31 UCE loci removed for matching multiple contigs, 119 contigs removed for matching multiple UCE loci
2015-12-07 19:36:21,886 - phyluce_assembly_match_contigs_to_probes - INFO - ptyochromis_cf_ID72: 1041 (5.83%) uniques of 17849 contigs, 0 dupe probe matches, 24 UCE loci removed for matching multiple contigs, 119 contigs removed for matching multiple UCE loci
2015-12-07 19:36:31,561 - phyluce_assembly_match_contigs_to_probes - INFO - punNye1: 1008 (78.20%) uniques of 1289 contigs, 0 dupe probe matches, 281 UCE loci removed for matching multiple contigs, 281 contigs removed for matching multiple UCE loci
2015-12-07 19:36:42,144 - phyluce_assembly_match_contigs_to_probes - INFO - pundamila_pundamila_ID75: 1042 (4.41%) uniques of 23635 contigs, 0 dupe probe matches, 26 UCE loci removed for matching multiple contigs, 115 contigs removed for matching multiple UCE loci
2015-12-07 19:36:51,136 - phyluce_assembly_match_contigs_to_probes - INFO - pyxichromis_orthostoma_ID62: 1037 (5.69%) uniques of 18214 contigs, 0 dupe probe matches, 39 UCE loci removed for matching multiple contigs, 121 contigs removed for matching multiple UCE loci
2015-12-07 19:37:00,911 - phyluce_assembly_match_contigs_to_probes - INFO - rhamphochromis_longiceps_ID81: 1046 (4.17%) uniques of 25098 contigs, 0 dupe probe matches, 19 UCE loci removed for matching multiple contigs, 121 contigs removed for matching multiple UCE loci
2015-12-07 19:37:12,694 - phyluce_assembly_match_contigs_to_probes - INFO - simochromis_babaulti_ID48: 1044 (5.35%) uniques of 19531 contigs, 0 dupe probe matches, 20 UCE loci removed for matching multiple contigs, 121 contigs removed for matching multiple UCE loci
2015-12-07 19:37:21,986 - phyluce_assembly_match_contigs_to_probes - INFO - stigmatochromis_woodei_ID20: 1045 (4.61%) uniques of 22659 contigs, 0 dupe probe matches, 18 UCE loci removed for matching multiple contigs, 119 contigs removed for matching multiple UCE loci
2015-12-07 19:37:30,603 - phyluce_assembly_match_contigs_to_probes - INFO - taeniolethrinops_preorbitalis_ID29: 1040 (7.25%) uniques of 14352 contigs, 0 dupe probe matches, 20 UCE loci removed for matching multiple contigs, 120 contigs removed for matching multiple UCE loci
2015-12-07 19:37:39,819 - phyluce_assembly_match_contigs_to_probes - INFO - telmatochromis_dhonti_ID43: 1038 (5.54%) uniques of 18727 contigs, 0 dupe probe matches, 24 UCE loci removed for matching multiple contigs, 122 contigs removed for matching multiple UCE loci
2015-12-07 19:37:48,694 - phyluce_assembly_match_contigs_to_probes - INFO - telmatochromis_temporalis_ID64: 1017 (5.67%) uniques of 17930 contigs, 0 dupe probe matches, 38 UCE loci removed for matching multiple contigs, 125 contigs removed for matching multiple UCE loci
2015-12-07 19:37:58,136 - phyluce_assembly_match_contigs_to_probes - INFO - trematochromis_benthicola_ID78: 1037 (4.49%) uniques of 23111 contigs, 0 dupe probe matches, 25 UCE loci removed for matching multiple contigs, 122 contigs removed for matching multiple UCE loci
2015-12-07 19:38:08,061 - phyluce_assembly_match_contigs_to_probes - INFO - tropheops_microstoma_ID1: 1031 (4.32%) uniques of 23865 contigs, 0 dupe probe matches, 32 UCE loci removed for matching multiple contigs, 125 contigs removed for matching multiple UCE loci
2015-12-07 19:38:18,061 - phyluce_assembly_match_contigs_to_probes - INFO - tyrannochromis_nigriventer_ID5: 1039 (3.80%) uniques of 27327 contigs, 0 dupe probe matches, 16 UCE loci removed for matching multiple contigs, 124 contigs removed for matching multiple UCE loci
2015-12-07 19:38:28,030 - phyluce_assembly_match_contigs_to_probes - INFO - variabilichromis_moorii_ID31: 1016 (3.77%) uniques of 26929 contigs, 0 dupe probe matches, 34 UCE loci removed for matching multiple contigs, 127 contigs removed for matching multiple UCE loci
2015-12-07 19:38:28,031 - phyluce_assembly_match_contigs_to_probes - INFO - -----------------------------------------------------------------
2015-12-07 19:38:28,031 - phyluce_assembly_match_contigs_to_probes - INFO - The LASTZ alignments are in /home/jimmyzheng/JZ_UCE_RUNS/cichlid-lastz
2015-12-07 19:38:28,032 - phyluce_assembly_match_contigs_to_probes - INFO - The UCE match database is in /home/jimmyzheng/JZ_UCE_RUNS/cichlid-lastz/probes.matches.sqlite
2015-12-07 19:38:28,032 - phyluce_assembly_match_contigs_to_probes - INFO - ======= Completed phyluce_assembly_match_contigs_to_probes ======
