2015-12-07 19:51:52,811 - phyluce_assembly_get_match_counts - INFO - =========== Starting phyluce_assembly_get_match_counts ==========
2015-12-07 19:51:52,811 - phyluce_assembly_get_match_counts - INFO - Version: 1.5.0
2015-12-07 19:51:52,811 - phyluce_assembly_get_match_counts - INFO - Argument --extend_locus_db: None
2015-12-07 19:51:52,811 - phyluce_assembly_get_match_counts - INFO - Argument --incomplete_matrix: True
2015-12-07 19:51:52,812 - phyluce_assembly_get_match_counts - INFO - Argument --keep_counts: False
2015-12-07 19:51:52,812 - phyluce_assembly_get_match_counts - INFO - Argument --locus_db: /home/jimmyzheng/JZ_UCE_RUNS/cichlid-lastz/probe.matches.sqlite
2015-12-07 19:51:52,812 - phyluce_assembly_get_match_counts - INFO - Argument --log_path: None
2015-12-07 19:51:52,812 - phyluce_assembly_get_match_counts - INFO - Argument --optimize: False
2015-12-07 19:51:52,812 - phyluce_assembly_get_match_counts - INFO - Argument --output: /home/jimmyzheng/JZ_UCE_RUNS/taxon-sets/final/all-taxa-incomplete.conf
2015-12-07 19:51:52,812 - phyluce_assembly_get_match_counts - INFO - Argument --random: False
2015-12-07 19:51:52,813 - phyluce_assembly_get_match_counts - INFO - Argument --sample_size: 10
2015-12-07 19:51:52,813 - phyluce_assembly_get_match_counts - INFO - Argument --samples: 10
2015-12-07 19:51:52,813 - phyluce_assembly_get_match_counts - INFO - Argument --silent: False
2015-12-07 19:51:52,813 - phyluce_assembly_get_match_counts - INFO - Argument --taxon_group: final
2015-12-07 19:51:52,813 - phyluce_assembly_get_match_counts - INFO - Argument --taxon_list_config: /home/jimmyzheng/JZ_UCE_RUNS/taxon-set.conf
2015-12-07 19:51:52,813 - phyluce_assembly_get_match_counts - INFO - Argument --verbosity: INFO
2015-12-07 19:51:52,816 - phyluce_assembly_get_match_counts - INFO - There are 38 taxa in the taxon-group '[final]' in the config file taxon-set.conf
2015-12-07 19:51:52,816 - phyluce_assembly_get_match_counts - INFO - Getting UCE names from database
2015-12-07 19:51:52,818 - phyluce_assembly_get_match_counts - INFO - There are 1314 total UCE loci in the database
2015-12-07 19:51:53,277 - phyluce_assembly_get_match_counts - INFO - Getting UCE matches by organism to generate a INCOMPLETE matrix
2015-12-07 19:51:53,282 - phyluce_assembly_get_match_counts - INFO - There are 1102 UCE loci in an INCOMPLETE matrix
2015-12-07 19:51:53,284 - phyluce_assembly_get_match_counts - INFO - Writing the taxa and loci in the data matrix to /home/jimmyzheng/JZ_UCE_RUNS/taxon-sets/final/all-taxa-incomplete.conf
2015-12-07 19:51:53,284 - phyluce_assembly_get_match_counts - INFO - ========== Completed phyluce_assembly_get_match_counts ==========
